[<<][6791509187b75563489556][DEFAULT][/testlink/install/installCheck.php][25/Jan/22 20:09:53][25/Jan/22 20:09:53][took 0.056775 secs]
[<<][679150a8a2f01880901880][DEFAULT][/testlink/install/installNewDB.php][25/Jan/22 20:10:16][25/Jan/22 20:11:08][took 51.743557 secs]
[<<][6791512caa35e570176149][DEFAULT][/testlink/index.php][25/Jan/22 20:12:28][25/Jan/22 20:12:28][took 0.074938 secs]
[>>][6791512cbce2a372893177][DEFAULT][/testlink/index.php][25/Jan/22 20:12:28]
[<<][6791512cbce2a372893177][DEFAULT][/testlink/index.php][25/Jan/22 20:12:28][25/Jan/22 20:12:29][took 0.384561 secs]
[<<][6791512d3d1aa207453221][DEFAULT][/testlink/login.php][25/Jan/22 20:12:29][25/Jan/22 20:12:29][took 0.056984 secs]
[>>][6791512d4b523383057995][DEFAULT][/testlink/login.php][25/Jan/22 20:12:29]
[<<][6791512d4b523383057995][DEFAULT][/testlink/login.php][25/Jan/22 20:12:29][25/Jan/22 20:12:29][took 0.506911 secs]
[<<][679151338ccfb545611026][DEFAULT][/testlink/login.php][25/Jan/22 20:12:35][25/Jan/22 20:12:35][took 0.053254 secs]
[>>][679151339a3c2814956592][DEFAULT][/testlink/login.php][25/Jan/22 20:12:35]
[<<][679151339a3c2814956592][DEFAULT][/testlink/login.php][25/Jan/22 20:12:35][25/Jan/22 20:12:36][took 0.401008 secs]
[>>][679151340853e955031249][DEFAULT][/testlink/login.php][25/Jan/22 20:12:36]
	[25/Jan/22 20:12:36][AUDIT][uifqoanont5h4fkq8ksrndorr7][GUI]
		Login for 'admin' from '::1' succeeded
[<<][679151340853e955031249][DEFAULT][/testlink/login.php][25/Jan/22 20:12:36][25/Jan/22 20:12:36][took 0.301348 secs]
[<<][679151346e828978412123][DEFAULT][/testlink/index.php][25/Jan/22 20:12:36][25/Jan/22 20:12:36][took 0.053332 secs]
[>>][679151347be19881760773][DEFAULT][/testlink/index.php][25/Jan/22 20:12:36]
[<<][679151347be19881760773][DEFAULT][/testlink/index.php][25/Jan/22 20:12:36][25/Jan/22 20:12:36][took 0.141215 secs]
[<<][67915134b3e77604411591][DEFAULT][/testlink/lib/general/navBar.php][25/Jan/22 20:12:36][25/Jan/22 20:12:36][took 0.075908 secs]
[>>][67915134c6d58790976669][DEFAULT][/testlink/lib/general/navBar.php][25/Jan/22 20:12:36]
[<<][67915134c6d58790976669][DEFAULT][/testlink/lib/general/navBar.php][25/Jan/22 20:12:36][25/Jan/22 20:12:36][took 0.007216 secs]
[>>][67915134c8e8e004519118][DEFAULT][/testlink/lib/general/navBar.php][25/Jan/22 20:12:36]
[<<][67915134c8e8e004519118][DEFAULT][/testlink/lib/general/navBar.php][25/Jan/22 20:12:36][25/Jan/22 20:12:37][took 0.966858 secs]
[<<][67915134b684d660741821][DEFAULT][/testlink/lib/general/mainPage.php][25/Jan/22 20:12:36][25/Jan/22 20:12:37][took 1.116429 secs]
[>>][67915135d3521229149822][DEFAULT][/testlink/lib/general/mainPage.php][25/Jan/22 20:12:37]
[<<][67915135d3521229149822][DEFAULT][/testlink/lib/general/mainPage.php][25/Jan/22 20:12:37][25/Jan/22 20:12:37][took 0.010108 secs]
[>>][67915135d62c9131963004][DEFAULT][/testlink/lib/general/mainPage.php][25/Jan/22 20:12:37]
[<<][67915135d62c9131963004][DEFAULT][/testlink/lib/general/mainPage.php][25/Jan/22 20:12:37][25/Jan/22 20:12:37][took 0.072537 secs]
[<<][67915135ec9e6389996141][DEFAULT][/testlink/lib/general/mainPage.php][25/Jan/22 20:12:37][25/Jan/22 20:12:38][took 0.054318 secs]
[>>][67915136067fb220417788][DEFAULT][/testlink/lib/general/mainPage.php][25/Jan/22 20:12:38]
[<<][67915136067fb220417788][DEFAULT][/testlink/lib/general/mainPage.php][25/Jan/22 20:12:38][25/Jan/22 20:12:38][took 0.005598 secs]
[>>][679151360823c972777503][DEFAULT][/testlink/lib/general/mainPage.php][25/Jan/22 20:12:38]
[<<][679151360823c972777503][DEFAULT][/testlink/lib/general/mainPage.php][25/Jan/22 20:12:38][25/Jan/22 20:12:38][took 0.039179 secs]
[<<][679151361ed66988842562][DEFAULT][/testlink/lib/project/projectEdit.php][25/Jan/22 20:12:38][25/Jan/22 20:12:38][took 0.050208 secs]
[>>][679151362b695962995325][DEFAULT][/testlink/lib/project/projectEdit.php][25/Jan/22 20:12:38]
[<<][679151362b695962995325][DEFAULT][/testlink/lib/project/projectEdit.php][25/Jan/22 20:12:38][25/Jan/22 20:12:38][took 0.006529 secs]
[>>][679151362d4c6885587173][DEFAULT][/testlink/lib/project/projectEdit.php][25/Jan/22 20:12:38]
[<<][679151362d4c6885587173][DEFAULT][/testlink/lib/project/projectEdit.php][25/Jan/22 20:12:38][25/Jan/22 20:12:40][took 1.929599 secs]
[<<][67915162bd674997129922][DEFAULT][/testlink/lib/project/projectEdit.php][25/Jan/22 20:13:22][25/Jan/22 20:13:22][took 0.049321 secs]
[>>][67915162c9c3f063595779][DEFAULT][/testlink/lib/project/projectEdit.php][25/Jan/22 20:13:22]
[<<][67915162c9c3f063595779][DEFAULT][/testlink/lib/project/projectEdit.php][25/Jan/22 20:13:22][25/Jan/22 20:13:22][took 0.005159 secs]
[>>][67915162cb502491199885][DEFAULT][/testlink/lib/project/projectEdit.php][25/Jan/22 20:13:22]
	[25/Jan/22 20:13:23][AUDIT][uifqoanont5h4fkq8ksrndorr7][GUI - Test Project ID : 1]
		Test Project 'Test Project' was created
	[25/Jan/22 20:13:24][WARNING][uifqoanont5h4fkq8ksrndorr7][GUI - Test Project ID : 1]
		E_WARNING
Undefined array key "DataTablesSelector" - in G:\xampp\htdocs\testlink\gui\templates_c\094f29af95efaafdd96656b174c270aa67768665_0.file.DataTables.inc.tpl.php - Line 35
	[25/Jan/22 20:13:24][WARNING][uifqoanont5h4fkq8ksrndorr7][GUI - Test Project ID : 1]
		E_WARNING
Attempt to read property "value" on null - in G:\xampp\htdocs\testlink\gui\templates_c\094f29af95efaafdd96656b174c270aa67768665_0.file.DataTables.inc.tpl.php - Line 35
[<<][67915162cb502491199885][DEFAULT][/testlink/lib/project/projectEdit.php][25/Jan/22 20:13:22][25/Jan/22 20:13:25][took 2.210207 secs]
[<<][679151653fecb647468621][DEFAULT][/testlink/lib/general/navBar.php][25/Jan/22 20:13:25][25/Jan/22 20:13:25][took 0.070483 secs]
[>>][679151655174a296085402][DEFAULT][/testlink/lib/general/navBar.php][25/Jan/22 20:13:25]
[<<][679151655174a296085402][DEFAULT][/testlink/lib/general/navBar.php][25/Jan/22 20:13:25][25/Jan/22 20:13:25][took 0.005874 secs]
[>>][6791516553268028710831][DEFAULT][/testlink/lib/general/navBar.php][25/Jan/22 20:13:25]
[<<][6791516553268028710831][DEFAULT][/testlink/lib/general/navBar.php][25/Jan/22 20:13:25][25/Jan/22 20:13:25][took 0.045453 secs]
[<<][6791516573c20855978219][DEFAULT][/testlink/lib/general/mainPage.php][25/Jan/22 20:13:25][25/Jan/22 20:13:25][took 0.04589 secs]
[>>][679151657f3c3835245946][DEFAULT][/testlink/lib/general/mainPage.php][25/Jan/22 20:13:25]
[<<][679151657f3c3835245946][DEFAULT][/testlink/lib/general/mainPage.php][25/Jan/22 20:13:25][25/Jan/22 20:13:25][took 0.004904 secs]
[>>][6791516580b10720218042][DEFAULT][/testlink/lib/general/mainPage.php][25/Jan/22 20:13:25]
[<<][6791516580b10720218042][DEFAULT][/testlink/lib/general/mainPage.php][25/Jan/22 20:13:25][25/Jan/22 20:13:27][took 2.1537 secs]
[<<][67915170b47de584278639][DEFAULT][/testlink/lib/general/frmWorkArea.php][25/Jan/22 20:13:36][25/Jan/22 20:13:36][took 0.055072 secs]
[>>][67915170c241a450105379][DEFAULT][/testlink/lib/general/frmWorkArea.php][25/Jan/22 20:13:36]
[<<][67915170c241a450105379][DEFAULT][/testlink/lib/general/frmWorkArea.php][25/Jan/22 20:13:36][25/Jan/22 20:13:36][took 0.0051180000000001 secs]
[>>][67915170c3c9d562553803][DEFAULT][/testlink/lib/general/frmWorkArea.php][25/Jan/22 20:13:36]
[<<][67915170c3c9d562553803][DEFAULT][/testlink/lib/general/frmWorkArea.php][25/Jan/22 20:13:36][25/Jan/22 20:13:36][took 0.11015 secs]
[<<][6791517102396958566266][DEFAULT][/testlink/lib/testcases/listTestCases.php][25/Jan/22 20:13:37][25/Jan/22 20:13:37][took 0.055978 secs]
[>>][679151711032b326831112][DEFAULT][/testlink/lib/testcases/listTestCases.php][25/Jan/22 20:13:37]
[<<][679151711032b326831112][DEFAULT][/testlink/lib/testcases/listTestCases.php][25/Jan/22 20:13:37][25/Jan/22 20:13:37][took 0.005603 secs]
[>>][6791517111dc2836346044][DEFAULT][/testlink/lib/testcases/listTestCases.php][25/Jan/22 20:13:37]
[<<][6791517111dc2836346044][DEFAULT][/testlink/lib/testcases/listTestCases.php][25/Jan/22 20:13:37][25/Jan/22 20:13:39][took 2.421103 secs]
[<<][6791517103fea730379645][DEFAULT][/testlink/lib/testcases/archiveData.php][25/Jan/22 20:13:37][25/Jan/22 20:13:39][took 2.524965 secs]
[>>][6791517384a91822242677][DEFAULT][/testlink/lib/testcases/archiveData.php][25/Jan/22 20:13:39]
[<<][6791517384a91822242677][DEFAULT][/testlink/lib/testcases/archiveData.php][25/Jan/22 20:13:39][25/Jan/22 20:13:39][took 0.007835 secs]
[>>][6791517386f7b349940014][DEFAULT][/testlink/lib/testcases/archiveData.php][25/Jan/22 20:13:39]
[<<][6791517386f7b349940014][DEFAULT][/testlink/lib/testcases/archiveData.php][25/Jan/22 20:13:39][25/Jan/22 20:13:41][took 1.933418 secs]
[<<][67915173af00f274790137][DEFAULT][/testlink/lib/ajax/gettprojectnodes.php][25/Jan/22 20:13:39][25/Jan/22 20:13:41][took 1.828391 secs]
[>>][6791517585b88396086642][DEFAULT][/testlink/lib/ajax/gettprojectnodes.php][25/Jan/22 20:13:41]
[<<][6791517585b88396086642][DEFAULT][/testlink/lib/ajax/gettprojectnodes.php][25/Jan/22 20:13:41][25/Jan/22 20:13:41][took 0.009676 secs]
[>>][6791517588abe567026056][DEFAULT][/testlink/lib/ajax/gettprojectnodes.php][25/Jan/22 20:13:41]
[<<][6791517588abe567026056][DEFAULT][/testlink/lib/ajax/gettprojectnodes.php][25/Jan/22 20:13:41][25/Jan/22 20:13:41][took 0.040917 secs]
[<<][679151912a524039398267][DEFAULT][/testlink/lib/testcases/archiveData.php][25/Jan/22 20:14:09][25/Jan/22 20:14:09][took 0.045967 secs]
[>>][6791519135d9b400738629][DEFAULT][/testlink/lib/testcases/archiveData.php][25/Jan/22 20:14:09]
[<<][6791519135d9b400738629][DEFAULT][/testlink/lib/testcases/archiveData.php][25/Jan/22 20:14:09][25/Jan/22 20:14:09][took 0.005581 secs]
[>>][67915191377db551382840][DEFAULT][/testlink/lib/testcases/archiveData.php][25/Jan/22 20:14:09]
[<<][67915191377db551382840][DEFAULT][/testlink/lib/testcases/archiveData.php][25/Jan/22 20:14:09][25/Jan/22 20:14:09][took 0.062768 secs]
[<<][67915196f2be7765160163][DEFAULT][/testlink/lib/testcases/containerEdit.php][25/Jan/22 20:14:14][25/Jan/22 20:14:15][took 0.047412 secs]
[>>][679151970a814057952238][DEFAULT][/testlink/lib/testcases/containerEdit.php][25/Jan/22 20:14:15]
[<<][679151970a814057952238][DEFAULT][/testlink/lib/testcases/containerEdit.php][25/Jan/22 20:14:15][25/Jan/22 20:14:15][took 0.005771 secs]
[>>][679151970c3c8500550484][DEFAULT][/testlink/lib/testcases/containerEdit.php][25/Jan/22 20:14:15]
[<<][679151970c3c8500550484][DEFAULT][/testlink/lib/testcases/containerEdit.php][25/Jan/22 20:14:15][25/Jan/22 20:14:15][took 0.817145 secs]
[<<][679151a76c97b601509398][DEFAULT][/testlink/lib/testcases/containerEdit.php][25/Jan/22 20:14:31][25/Jan/22 20:14:31][took 0.054573 secs]
[>>][679151a77a442718973740][DEFAULT][/testlink/lib/testcases/containerEdit.php][25/Jan/22 20:14:31]
[<<][679151a77a442718973740][DEFAULT][/testlink/lib/testcases/containerEdit.php][25/Jan/22 20:14:31][25/Jan/22 20:14:31][took 0.005578 secs]
[>>][679151a77bec8120489140][DEFAULT][/testlink/lib/testcases/containerEdit.php][25/Jan/22 20:14:31]
[<<][679151a77bec8120489140][DEFAULT][/testlink/lib/testcases/containerEdit.php][25/Jan/22 20:14:31][25/Jan/22 20:14:31][took 0.295315 secs]
[<<][679151a7ecf51200595020][DEFAULT][/testlink/lib/testcases/listTestCases.php][25/Jan/22 20:14:31][25/Jan/22 20:14:32][took 0.111522 secs]
[>>][679151a81478e243313661][DEFAULT][/testlink/lib/testcases/listTestCases.php][25/Jan/22 20:14:32]
[<<][679151a81478e243313661][DEFAULT][/testlink/lib/testcases/listTestCases.php][25/Jan/22 20:14:32][25/Jan/22 20:14:32][took 0.005199 secs]
[>>][679151a81607e919614206][DEFAULT][/testlink/lib/testcases/listTestCases.php][25/Jan/22 20:14:32]
[<<][679151a81607e919614206][DEFAULT][/testlink/lib/testcases/listTestCases.php][25/Jan/22 20:14:32][25/Jan/22 20:14:32][took 0.062496 secs]
[<<][679151a84b1a1900122630][DEFAULT][/testlink/lib/ajax/gettprojectnodes.php][25/Jan/22 20:14:32][25/Jan/22 20:14:32][took 0.045233 secs]
[>>][679151a8566f2665126484][DEFAULT][/testlink/lib/ajax/gettprojectnodes.php][25/Jan/22 20:14:32]
[<<][679151a8566f2665126484][DEFAULT][/testlink/lib/ajax/gettprojectnodes.php][25/Jan/22 20:14:32][25/Jan/22 20:14:32][took 0.005486 secs]
[>>][679151a858106086615108][DEFAULT][/testlink/lib/ajax/gettprojectnodes.php][25/Jan/22 20:14:32]
[<<][679151a858106086615108][DEFAULT][/testlink/lib/ajax/gettprojectnodes.php][25/Jan/22 20:14:32][25/Jan/22 20:14:32][took 0.002261 secs]
[<<][679151aa0f6a6858812364][DEFAULT][/testlink/lib/testcases/archiveData.php][25/Jan/22 20:14:34][25/Jan/22 20:14:34][took 0.047269 secs]
[>>][679151aa1b488524488147][DEFAULT][/testlink/lib/testcases/archiveData.php][25/Jan/22 20:14:34]
[<<][679151aa1b488524488147][DEFAULT][/testlink/lib/testcases/archiveData.php][25/Jan/22 20:14:34][25/Jan/22 20:14:34][took 0.005742 secs]
[>>][679151aa1d005401984371][DEFAULT][/testlink/lib/testcases/archiveData.php][25/Jan/22 20:14:34]
[<<][679151aa1d005401984371][DEFAULT][/testlink/lib/testcases/archiveData.php][25/Jan/22 20:14:34][25/Jan/22 20:14:35][took 1.251891 secs]
[<<][679151af14bd7109114038][DEFAULT][/testlink/lib/testcases/tcEdit.php][25/Jan/22 20:14:39][25/Jan/22 20:14:39][took 0.051685 secs]
[>>][679151af21b94471052748][DEFAULT][/testlink/lib/testcases/tcEdit.php][25/Jan/22 20:14:39]
[<<][679151af21b94471052748][DEFAULT][/testlink/lib/testcases/tcEdit.php][25/Jan/22 20:14:39][25/Jan/22 20:14:39][took 0.005413 secs]
[>>][679151af2352e082396312][DEFAULT][/testlink/lib/testcases/tcEdit.php][25/Jan/22 20:14:39]
	[25/Jan/22 20:14:39][WARNING][uifqoanont5h4fkq8ksrndorr7][GUI - Test Project ID : 1]
		E_WARNING
Undefined array key 0 - in G:\xampp\htdocs\testlink\lib\functions\testcase.class.php - Line 5568
	[25/Jan/22 20:14:39][WARNING][uifqoanont5h4fkq8ksrndorr7][GUI - Test Project ID : 1]
		E_WARNING
Undefined array key 1 - in G:\xampp\htdocs\testlink\lib\functions\testcase.class.php - Line 5568
	[25/Jan/22 20:14:39][WARNING][uifqoanont5h4fkq8ksrndorr7][GUI - Test Project ID : 1]
		E_WARNING
Undefined array key 2 - in G:\xampp\htdocs\testlink\lib\functions\testcase.class.php - Line 5568
	[25/Jan/22 20:14:39][WARNING][uifqoanont5h4fkq8ksrndorr7][GUI - Test Project ID : 1]
		E_WARNING
Undefined array key 3 - in G:\xampp\htdocs\testlink\lib\functions\testcase.class.php - Line 5568
[<<][679151af2352e082396312][DEFAULT][/testlink/lib/testcases/tcEdit.php][25/Jan/22 20:14:39][25/Jan/22 20:14:40][took 1.662492 secs]
[<<][679151b359747551029244][DEFAULT][/lib/ajax/checkTCaseDuplicateName.php][25/Jan/22 20:14:43][25/Jan/22 20:14:43][took 0.049693 secs]
[>>][679151b365eb3000589094][DEFAULT][/lib/ajax/checkTCaseDuplicateName.php][25/Jan/22 20:14:43]
[<<][679151b365eb3000589094][DEFAULT][/lib/ajax/checkTCaseDuplicateName.php][25/Jan/22 20:14:43][25/Jan/22 20:14:43][took 0.00556 secs]
[>>][679151b367939638356571][DEFAULT][/lib/ajax/checkTCaseDuplicateName.php][25/Jan/22 20:14:43]
[<<][679151b367939638356571][DEFAULT][/lib/ajax/checkTCaseDuplicateName.php][25/Jan/22 20:14:43][25/Jan/22 20:14:43][took 0.004474 secs]
[<<][679151b38a88f396475219][DEFAULT][/lib/ajax/checkTCaseDuplicateName.php][25/Jan/22 20:14:43][25/Jan/22 20:14:43][took 0.0434 secs]
[>>][679151b3956dd588806893][DEFAULT][/lib/ajax/checkTCaseDuplicateName.php][25/Jan/22 20:14:43]
[<<][679151b3956dd588806893][DEFAULT][/lib/ajax/checkTCaseDuplicateName.php][25/Jan/22 20:14:43][25/Jan/22 20:14:43][took 0.0050709999999999 secs]
[>>][679151b396f0a042340897][DEFAULT][/lib/ajax/checkTCaseDuplicateName.php][25/Jan/22 20:14:43]
[<<][679151b396f0a042340897][DEFAULT][/lib/ajax/checkTCaseDuplicateName.php][25/Jan/22 20:14:43][25/Jan/22 20:14:43][took 0.004284 secs]
[<<][679151b43a69a022183481][DEFAULT][/lib/ajax/checkTCaseDuplicateName.php][25/Jan/22 20:14:44][25/Jan/22 20:14:44][took 0.048822 secs]
[>>][679151b446bad761886197][DEFAULT][/lib/ajax/checkTCaseDuplicateName.php][25/Jan/22 20:14:44]
[<<][679151b446bad761886197][DEFAULT][/lib/ajax/checkTCaseDuplicateName.php][25/Jan/22 20:14:44][25/Jan/22 20:14:44][took 0.005103 secs]
[>>][679151b4483f0873073504][DEFAULT][/lib/ajax/checkTCaseDuplicateName.php][25/Jan/22 20:14:44]
[<<][679151b4483f0873073504][DEFAULT][/lib/ajax/checkTCaseDuplicateName.php][25/Jan/22 20:14:44][25/Jan/22 20:14:44][took 0.0043820000000001 secs]
[<<][679151b454c44358291542][DEFAULT][/lib/ajax/checkTCaseDuplicateName.php][25/Jan/22 20:14:44][25/Jan/22 20:14:44][took 0.047818 secs]
[>>][679151b460ba4038085029][DEFAULT][/lib/ajax/checkTCaseDuplicateName.php][25/Jan/22 20:14:44]
[<<][679151b460ba4038085029][DEFAULT][/lib/ajax/checkTCaseDuplicateName.php][25/Jan/22 20:14:44][25/Jan/22 20:14:44][took 0.00584 secs]
[>>][679151b462704855504906][DEFAULT][/lib/ajax/checkTCaseDuplicateName.php][25/Jan/22 20:14:44]
[<<][679151b462704855504906][DEFAULT][/lib/ajax/checkTCaseDuplicateName.php][25/Jan/22 20:14:44][25/Jan/22 20:14:44][took 0.004436 secs]
[<<][679151b4805ee854287124][DEFAULT][/lib/ajax/checkTCaseDuplicateName.php][25/Jan/22 20:14:44][25/Jan/22 20:14:44][took 0.044875 secs]
[>>][679151b48b9e6485790140][DEFAULT][/lib/ajax/checkTCaseDuplicateName.php][25/Jan/22 20:14:44]
[<<][679151b48b9e6485790140][DEFAULT][/lib/ajax/checkTCaseDuplicateName.php][25/Jan/22 20:14:44][25/Jan/22 20:14:44][took 0.005118 secs]
[>>][679151b48d266690166484][DEFAULT][/lib/ajax/checkTCaseDuplicateName.php][25/Jan/22 20:14:44]
[<<][679151b48d266690166484][DEFAULT][/lib/ajax/checkTCaseDuplicateName.php][25/Jan/22 20:14:44][25/Jan/22 20:14:44][took 0.0043650000000001 secs]
[<<][679151b50c7e3365739246][DEFAULT][/lib/ajax/checkTCaseDuplicateName.php][25/Jan/22 20:14:45][25/Jan/22 20:14:45][took 0.053176 secs]
[>>][679151b519c6b856816029][DEFAULT][/lib/ajax/checkTCaseDuplicateName.php][25/Jan/22 20:14:45]
[<<][679151b519c6b856816029][DEFAULT][/lib/ajax/checkTCaseDuplicateName.php][25/Jan/22 20:14:45][25/Jan/22 20:14:45][took 0.005482 secs]
[>>][679151b51b6b1896947341][DEFAULT][/lib/ajax/checkTCaseDuplicateName.php][25/Jan/22 20:14:45]
[<<][679151b51b6b1896947341][DEFAULT][/lib/ajax/checkTCaseDuplicateName.php][25/Jan/22 20:14:45][25/Jan/22 20:14:45][took 0.004564 secs]
[<<][679151b51d192423596522][DEFAULT][/lib/ajax/checkTCaseDuplicateName.php][25/Jan/22 20:14:45][25/Jan/22 20:14:45][took 0.050203 secs]
[>>][679151b529bde307641402][DEFAULT][/lib/ajax/checkTCaseDuplicateName.php][25/Jan/22 20:14:45]
[<<][679151b529bde307641402][DEFAULT][/lib/ajax/checkTCaseDuplicateName.php][25/Jan/22 20:14:45][25/Jan/22 20:14:45][took 0.007378 secs]
[>>][679151b52c0ab811460318][DEFAULT][/lib/ajax/checkTCaseDuplicateName.php][25/Jan/22 20:14:45]
[<<][679151b52c0ab811460318][DEFAULT][/lib/ajax/checkTCaseDuplicateName.php][25/Jan/22 20:14:45][25/Jan/22 20:14:45][took 0.006774 secs]
[<<][679151b5420ba005991338][DEFAULT][/lib/ajax/checkTCaseDuplicateName.php][25/Jan/22 20:14:45][25/Jan/22 20:14:45][took 0.053612 secs]
[>>][679151b54f7c0064205519][DEFAULT][/lib/ajax/checkTCaseDuplicateName.php][25/Jan/22 20:14:45]
[<<][679151b54f7c0064205519][DEFAULT][/lib/ajax/checkTCaseDuplicateName.php][25/Jan/22 20:14:45][25/Jan/22 20:14:45][took 0.005463 secs]
[>>][679151b5512c3005098379][DEFAULT][/lib/ajax/checkTCaseDuplicateName.php][25/Jan/22 20:14:45]
[<<][679151b5512c3005098379][DEFAULT][/lib/ajax/checkTCaseDuplicateName.php][25/Jan/22 20:14:45][25/Jan/22 20:14:45][took 0.004671 secs]
[<<][679151b5559f3322325691][DEFAULT][/lib/ajax/checkTCaseDuplicateName.php][25/Jan/22 20:14:45][25/Jan/22 20:14:45][took 0.048098 secs]
[>>][679151b561b04596199737][DEFAULT][/lib/ajax/checkTCaseDuplicateName.php][25/Jan/22 20:14:45]
[<<][679151b561b04596199737][DEFAULT][/lib/ajax/checkTCaseDuplicateName.php][25/Jan/22 20:14:45][25/Jan/22 20:14:45][took 0.005398 secs]
[>>][679151b56369b799560211][DEFAULT][/lib/ajax/checkTCaseDuplicateName.php][25/Jan/22 20:14:45]
[<<][679151b56369b799560211][DEFAULT][/lib/ajax/checkTCaseDuplicateName.php][25/Jan/22 20:14:45][25/Jan/22 20:14:45][took 0.005338 secs]
[<<][679151b5c48de119655135][DEFAULT][/lib/ajax/checkTCaseDuplicateName.php][25/Jan/22 20:14:45][25/Jan/22 20:14:45][took 0.045508 secs]
[>>][679151b5cff8a364393881][DEFAULT][/lib/ajax/checkTCaseDuplicateName.php][25/Jan/22 20:14:45]
[<<][679151b5cff8a364393881][DEFAULT][/lib/ajax/checkTCaseDuplicateName.php][25/Jan/22 20:14:45][25/Jan/22 20:14:45][took 0.005153 secs]
[>>][679151b5d180e228670010][DEFAULT][/lib/ajax/checkTCaseDuplicateName.php][25/Jan/22 20:14:45]
[<<][679151b5d180e228670010][DEFAULT][/lib/ajax/checkTCaseDuplicateName.php][25/Jan/22 20:14:45][25/Jan/22 20:14:45][took 0.0045160000000001 secs]
[<<][679151b609b0c990112105][DEFAULT][/lib/ajax/checkTCaseDuplicateName.php][25/Jan/22 20:14:46][25/Jan/22 20:14:46][took 0.048209 secs]
[>>][679151b615c85658851972][DEFAULT][/lib/ajax/checkTCaseDuplicateName.php][25/Jan/22 20:14:46]
[<<][679151b615c85658851972][DEFAULT][/lib/ajax/checkTCaseDuplicateName.php][25/Jan/22 20:14:46][25/Jan/22 20:14:46][took 0.021445 secs]
[>>][679151b61b553058114778][DEFAULT][/lib/ajax/checkTCaseDuplicateName.php][25/Jan/22 20:14:46]
[<<][679151b61b553058114778][DEFAULT][/lib/ajax/checkTCaseDuplicateName.php][25/Jan/22 20:14:46][25/Jan/22 20:14:46][took 0.004432 secs]
[<<][679151b62f2fe720343003][DEFAULT][/lib/ajax/checkTCaseDuplicateName.php][25/Jan/22 20:14:46][25/Jan/22 20:14:46][took 0.049117 secs]
[>>][679151b63b863996885267][DEFAULT][/lib/ajax/checkTCaseDuplicateName.php][25/Jan/22 20:14:46]
[<<][679151b63b863996885267][DEFAULT][/lib/ajax/checkTCaseDuplicateName.php][25/Jan/22 20:14:46][25/Jan/22 20:14:46][took 0.005848 secs]
[>>][679151b63d411560815527][DEFAULT][/lib/ajax/checkTCaseDuplicateName.php][25/Jan/22 20:14:46]
[<<][679151b63d411560815527][DEFAULT][/lib/ajax/checkTCaseDuplicateName.php][25/Jan/22 20:14:46][25/Jan/22 20:14:46][took 0.004644 secs]
[<<][679151b697da1002398498][DEFAULT][/lib/ajax/checkTCaseDuplicateName.php][25/Jan/22 20:14:46][25/Jan/22 20:14:46][took 0.044293 secs]
[>>][679151b6a2f8a060600977][DEFAULT][/lib/ajax/checkTCaseDuplicateName.php][25/Jan/22 20:14:46]
[<<][679151b6a2f8a060600977][DEFAULT][/lib/ajax/checkTCaseDuplicateName.php][25/Jan/22 20:14:46][25/Jan/22 20:14:46][took 0.008918 secs]
[>>][679151b6a5718692275503][DEFAULT][/lib/ajax/checkTCaseDuplicateName.php][25/Jan/22 20:14:46]
[<<][679151b6a5718692275503][DEFAULT][/lib/ajax/checkTCaseDuplicateName.php][25/Jan/22 20:14:46][25/Jan/22 20:14:46][took 0.00424 secs]
[<<][679151b6c55b1704885825][DEFAULT][/lib/ajax/checkTCaseDuplicateName.php][25/Jan/22 20:14:46][25/Jan/22 20:14:46][took 0.045051 secs]
[>>][679151b6d0b1c316721989][DEFAULT][/lib/ajax/checkTCaseDuplicateName.php][25/Jan/22 20:14:46]
[<<][679151b6d0b1c316721989][DEFAULT][/lib/ajax/checkTCaseDuplicateName.php][25/Jan/22 20:14:46][25/Jan/22 20:14:46][took 0.005296 secs]
[>>][679151b6d2516289260126][DEFAULT][/lib/ajax/checkTCaseDuplicateName.php][25/Jan/22 20:14:46]
[<<][679151b6d2516289260126][DEFAULT][/lib/ajax/checkTCaseDuplicateName.php][25/Jan/22 20:14:46][25/Jan/22 20:14:46][took 0.004294 secs]
[<<][679151b75b70e812903040][DEFAULT][/lib/ajax/checkTCaseDuplicateName.php][25/Jan/22 20:14:47][25/Jan/22 20:14:47][took 0.047521 secs]
[>>][679151b76757a900019221][DEFAULT][/lib/ajax/checkTCaseDuplicateName.php][25/Jan/22 20:14:47]
[<<][679151b76757a900019221][DEFAULT][/lib/ajax/checkTCaseDuplicateName.php][25/Jan/22 20:14:47][25/Jan/22 20:14:47][took 0.005245 secs]
[>>][679151b768f08046667508][DEFAULT][/lib/ajax/checkTCaseDuplicateName.php][25/Jan/22 20:14:47]
[<<][679151b768f08046667508][DEFAULT][/lib/ajax/checkTCaseDuplicateName.php][25/Jan/22 20:14:47][25/Jan/22 20:14:47][took 0.005597 secs]
[<<][679151b76b7b8715295933][DEFAULT][/lib/ajax/checkTCaseDuplicateName.php][25/Jan/22 20:14:47][25/Jan/22 20:14:47][took 0.054774 secs]
[>>][679151b779319389276409][DEFAULT][/lib/ajax/checkTCaseDuplicateName.php][25/Jan/22 20:14:47]
[<<][679151b779319389276409][DEFAULT][/lib/ajax/checkTCaseDuplicateName.php][25/Jan/22 20:14:47][25/Jan/22 20:14:47][took 0.006206 secs]
[>>][679151b77affd116528473][DEFAULT][/lib/ajax/checkTCaseDuplicateName.php][25/Jan/22 20:14:47]
[<<][679151b77affd116528473][DEFAULT][/lib/ajax/checkTCaseDuplicateName.php][25/Jan/22 20:14:47][25/Jan/22 20:14:47][took 0.004627 secs]
[<<][679151c328f37192462802][DEFAULT][/testlink/lib/testcases/tcEdit.php][25/Jan/22 20:14:59][25/Jan/22 20:14:59][took 0.048115 secs]
[>>][679151c3365c3921945339][DEFAULT][/testlink/lib/testcases/tcEdit.php][25/Jan/22 20:14:59]
[<<][679151c3365c3921945339][DEFAULT][/testlink/lib/testcases/tcEdit.php][25/Jan/22 20:14:59][25/Jan/22 20:14:59][took 0.005542 secs]
[>>][679151c3380db229034033][DEFAULT][/testlink/lib/testcases/tcEdit.php][25/Jan/22 20:14:59]
	[25/Jan/22 20:14:59][WARNING][uifqoanont5h4fkq8ksrndorr7][GUI - Test Project ID : 1]
		E_WARNING
Undefined array key 0 - in G:\xampp\htdocs\testlink\lib\functions\testcase.class.php - Line 5568
	[25/Jan/22 20:14:59][WARNING][uifqoanont5h4fkq8ksrndorr7][GUI - Test Project ID : 1]
		E_WARNING
Undefined array key 1 - in G:\xampp\htdocs\testlink\lib\functions\testcase.class.php - Line 5568
	[25/Jan/22 20:14:59][WARNING][uifqoanont5h4fkq8ksrndorr7][GUI - Test Project ID : 1]
		E_WARNING
Undefined array key 2 - in G:\xampp\htdocs\testlink\lib\functions\testcase.class.php - Line 5568
	[25/Jan/22 20:14:59][WARNING][uifqoanont5h4fkq8ksrndorr7][GUI - Test Project ID : 1]
		E_WARNING
Undefined array key 3 - in G:\xampp\htdocs\testlink\lib\functions\testcase.class.php - Line 5568
[<<][679151c3380db229034033][DEFAULT][/testlink/lib/testcases/tcEdit.php][25/Jan/22 20:14:59][25/Jan/22 20:15:05][took 6.739073 secs]
[<<][679151cbcbb5d039567528][DEFAULT][/testlink/lib/testcases/listTestCases.php][25/Jan/22 20:15:07][25/Jan/22 20:15:07][took 0.048884 secs]
[>>][679151cbd7fd6450522832][DEFAULT][/testlink/lib/testcases/listTestCases.php][25/Jan/22 20:15:07]
[<<][679151cbd7fd6450522832][DEFAULT][/testlink/lib/testcases/listTestCases.php][25/Jan/22 20:15:07][25/Jan/22 20:15:07][took 0.005352 secs]
[>>][679151cbd9915081247902][DEFAULT][/testlink/lib/testcases/listTestCases.php][25/Jan/22 20:15:07]
[<<][679151cbd9915081247902][DEFAULT][/testlink/lib/testcases/listTestCases.php][25/Jan/22 20:15:07][25/Jan/22 20:15:07][took 0.063183 secs]
[<<][679151cc1bd6b985847565][DEFAULT][/testlink/lib/ajax/gettprojectnodes.php][25/Jan/22 20:15:08][25/Jan/22 20:15:08][took 0.044522 secs]
[>>][679151cc27080499343479][DEFAULT][/testlink/lib/ajax/gettprojectnodes.php][25/Jan/22 20:15:08]
[<<][679151cc27080499343479][DEFAULT][/testlink/lib/ajax/gettprojectnodes.php][25/Jan/22 20:15:08][25/Jan/22 20:15:08][took 0.005381 secs]
[>>][679151cc28a53924151632][DEFAULT][/testlink/lib/ajax/gettprojectnodes.php][25/Jan/22 20:15:08]
[<<][679151cc28a53924151632][DEFAULT][/testlink/lib/ajax/gettprojectnodes.php][25/Jan/22 20:15:08][25/Jan/22 20:15:08][took 0.002081 secs]
[<<][679152a35b942428091060][DEFAULT][/testlink/lib/testcases/archiveData.php][25/Jan/22 20:18:43][25/Jan/22 20:18:43][took 0.061161 secs]
[>>][679152a36bb43845410814][DEFAULT][/testlink/lib/testcases/archiveData.php][25/Jan/22 20:18:43]
[<<][679152a36bb43845410814][DEFAULT][/testlink/lib/testcases/archiveData.php][25/Jan/22 20:18:43][25/Jan/22 20:18:43][took 0.005073 secs]
[>>][679152a36d451612886640][DEFAULT][/testlink/lib/testcases/archiveData.php][25/Jan/22 20:18:43]
[<<][679152a36d451612886640][DEFAULT][/testlink/lib/testcases/archiveData.php][25/Jan/22 20:18:43][25/Jan/22 20:18:43][took 0.065342 secs]
[<<][679152a68dd51341280456][DEFAULT][/testlink/lib/testcases/tcEdit.php][25/Jan/22 20:18:46][25/Jan/22 20:18:46][took 0.049654 secs]
[>>][679152a69a516110679471][DEFAULT][/testlink/lib/testcases/tcEdit.php][25/Jan/22 20:18:46]
[<<][679152a69a516110679471][DEFAULT][/testlink/lib/testcases/tcEdit.php][25/Jan/22 20:18:46][25/Jan/22 20:18:46][took 0.0050250000000001 secs]
[>>][679152a69bd11576703869][DEFAULT][/testlink/lib/testcases/tcEdit.php][25/Jan/22 20:18:46]
	[25/Jan/22 20:18:46][WARNING][uifqoanont5h4fkq8ksrndorr7][GUI - Test Project ID : 1]
		E_WARNING
Undefined array key 0 - in G:\xampp\htdocs\testlink\lib\functions\testcase.class.php - Line 5568
	[25/Jan/22 20:18:46][WARNING][uifqoanont5h4fkq8ksrndorr7][GUI - Test Project ID : 1]
		E_WARNING
Undefined array key 1 - in G:\xampp\htdocs\testlink\lib\functions\testcase.class.php - Line 5568
	[25/Jan/22 20:18:46][WARNING][uifqoanont5h4fkq8ksrndorr7][GUI - Test Project ID : 1]
		E_WARNING
Undefined array key 2 - in G:\xampp\htdocs\testlink\lib\functions\testcase.class.php - Line 5568
	[25/Jan/22 20:18:46][WARNING][uifqoanont5h4fkq8ksrndorr7][GUI - Test Project ID : 1]
		E_WARNING
Undefined array key 3 - in G:\xampp\htdocs\testlink\lib\functions\testcase.class.php - Line 5568
[<<][679152a69bd11576703869][DEFAULT][/testlink/lib/testcases/tcEdit.php][25/Jan/22 20:18:46][25/Jan/22 20:18:47][took 0.443119 secs]
[<<][679152ace36ab567481926][DEFAULT][/lib/ajax/checkTCaseDuplicateName.php][25/Jan/22 20:18:52][25/Jan/22 20:18:52][took 0.050037 secs]
[>>][679152aceff29369256957][DEFAULT][/lib/ajax/checkTCaseDuplicateName.php][25/Jan/22 20:18:52]
[<<][679152aceff29369256957][DEFAULT][/lib/ajax/checkTCaseDuplicateName.php][25/Jan/22 20:18:52][25/Jan/22 20:18:53][took 0.066692 secs]
[>>][679152ad0c6ed548923455][DEFAULT][/lib/ajax/checkTCaseDuplicateName.php][25/Jan/22 20:18:53]
[<<][679152ad0c6ed548923455][DEFAULT][/lib/ajax/checkTCaseDuplicateName.php][25/Jan/22 20:18:53][25/Jan/22 20:18:53][took 0.006246 secs]
[<<][679152ace703c284502897][DEFAULT][/lib/ajax/checkTCaseDuplicateName.php][25/Jan/22 20:18:52][25/Jan/22 20:18:53][took 0.170904 secs]
[>>][679152ad1ce94986806894][DEFAULT][/lib/ajax/checkTCaseDuplicateName.php][25/Jan/22 20:18:53]
[<<][679152ad1ce94986806894][DEFAULT][/lib/ajax/checkTCaseDuplicateName.php][25/Jan/22 20:18:53][25/Jan/22 20:18:53][took 0.00551 secs]
[>>][679152ad1e88c897368902][DEFAULT][/lib/ajax/checkTCaseDuplicateName.php][25/Jan/22 20:18:53]
[<<][679152ad1e88c897368902][DEFAULT][/lib/ajax/checkTCaseDuplicateName.php][25/Jan/22 20:18:53][25/Jan/22 20:18:53][took 0.005831 secs]
[<<][679152ad1ad3f242354562][DEFAULT][/lib/ajax/checkTCaseDuplicateName.php][25/Jan/22 20:18:53][25/Jan/22 20:18:53][took 0.073604 secs]
[>>][679152ad2d4a8702814525][DEFAULT][/lib/ajax/checkTCaseDuplicateName.php][25/Jan/22 20:18:53]
[<<][679152ad2d4a8702814525][DEFAULT][/lib/ajax/checkTCaseDuplicateName.php][25/Jan/22 20:18:53][25/Jan/22 20:18:53][took 0.005456 secs]
[>>][679152ad2efeb544226516][DEFAULT][/lib/ajax/checkTCaseDuplicateName.php][25/Jan/22 20:18:53]
[<<][679152ad2efeb544226516][DEFAULT][/lib/ajax/checkTCaseDuplicateName.php][25/Jan/22 20:18:53][25/Jan/22 20:18:53][took 0.005584 secs]
[<<][679152ad4e000233339947][DEFAULT][/lib/ajax/checkTCaseDuplicateName.php][25/Jan/22 20:18:53][25/Jan/22 20:18:53][took 0.051593 secs]
[>>][679152ad5af26293073516][DEFAULT][/lib/ajax/checkTCaseDuplicateName.php][25/Jan/22 20:18:53]
[<<][679152ad5af26293073516][DEFAULT][/lib/ajax/checkTCaseDuplicateName.php][25/Jan/22 20:18:53][25/Jan/22 20:18:53][took 0.006 secs]
[>>][679152ad5cb5b984596998][DEFAULT][/lib/ajax/checkTCaseDuplicateName.php][25/Jan/22 20:18:53]
[<<][679152ad5cb5b984596998][DEFAULT][/lib/ajax/checkTCaseDuplicateName.php][25/Jan/22 20:18:53][25/Jan/22 20:18:53][took 0.004772 secs]
[<<][679152ad5b8dd252269805][DEFAULT][/lib/ajax/checkTCaseDuplicateName.php][25/Jan/22 20:18:53][25/Jan/22 20:18:53][took 0.056294 secs]
[>>][679152ad69991057566958][DEFAULT][/lib/ajax/checkTCaseDuplicateName.php][25/Jan/22 20:18:53]
[<<][679152ad69991057566958][DEFAULT][/lib/ajax/checkTCaseDuplicateName.php][25/Jan/22 20:18:53][25/Jan/22 20:18:53][took 0.005187 secs]
[>>][679152ad6b219361068257][DEFAULT][/lib/ajax/checkTCaseDuplicateName.php][25/Jan/22 20:18:53]
[<<][679152ad6b219361068257][DEFAULT][/lib/ajax/checkTCaseDuplicateName.php][25/Jan/22 20:18:53][25/Jan/22 20:18:53][took 0.004246 secs]
[<<][679152aec663d198738123][DEFAULT][/lib/ajax/checkTCaseDuplicateName.php][25/Jan/22 20:18:54][25/Jan/22 20:18:54][took 0.043483 secs]
[>>][679152aed1512356146258][DEFAULT][/lib/ajax/checkTCaseDuplicateName.php][25/Jan/22 20:18:54]
[<<][679152aed1512356146258][DEFAULT][/lib/ajax/checkTCaseDuplicateName.php][25/Jan/22 20:18:54][25/Jan/22 20:18:54][took 0.005242 secs]
[>>][679152aed2e21404844102][DEFAULT][/lib/ajax/checkTCaseDuplicateName.php][25/Jan/22 20:18:54]
[<<][679152aed2e21404844102][DEFAULT][/lib/ajax/checkTCaseDuplicateName.php][25/Jan/22 20:18:54][25/Jan/22 20:18:54][took 0.004356 secs]
[<<][679152b044ec5694954569][DEFAULT][/lib/ajax/checkTCaseDuplicateName.php][25/Jan/22 20:18:56][25/Jan/22 20:18:56][took 0.052408 secs]
[>>][679152b052162744745784][DEFAULT][/lib/ajax/checkTCaseDuplicateName.php][25/Jan/22 20:18:56]
[<<][679152b052162744745784][DEFAULT][/lib/ajax/checkTCaseDuplicateName.php][25/Jan/22 20:18:56][25/Jan/22 20:18:56][took 0.005988 secs]
[>>][679152b053dd4712108398][DEFAULT][/lib/ajax/checkTCaseDuplicateName.php][25/Jan/22 20:18:56]
[<<][679152b053dd4712108398][DEFAULT][/lib/ajax/checkTCaseDuplicateName.php][25/Jan/22 20:18:56][25/Jan/22 20:18:56][took 0.00539 secs]
[<<][679152b119c74744441749][DEFAULT][/lib/ajax/checkTCaseDuplicateName.php][25/Jan/22 20:18:57][25/Jan/22 20:18:57][took 0.044192 secs]
[>>][679152b124e28947731008][DEFAULT][/lib/ajax/checkTCaseDuplicateName.php][25/Jan/22 20:18:57]
[<<][679152b124e28947731008][DEFAULT][/lib/ajax/checkTCaseDuplicateName.php][25/Jan/22 20:18:57][25/Jan/22 20:18:57][took 0.004957 secs]
[>>][679152b12663a476058618][DEFAULT][/lib/ajax/checkTCaseDuplicateName.php][25/Jan/22 20:18:57]
[<<][679152b12663a476058618][DEFAULT][/lib/ajax/checkTCaseDuplicateName.php][25/Jan/22 20:18:57][25/Jan/22 20:18:57][took 0.004559 secs]
[<<][679152b16601e483065477][DEFAULT][/lib/ajax/checkTCaseDuplicateName.php][25/Jan/22 20:18:57][25/Jan/22 20:18:57][took 0.047409 secs]
[>>][679152b171e0c877068327][DEFAULT][/lib/ajax/checkTCaseDuplicateName.php][25/Jan/22 20:18:57]
[<<][679152b171e0c877068327][DEFAULT][/lib/ajax/checkTCaseDuplicateName.php][25/Jan/22 20:18:57][25/Jan/22 20:18:57][took 0.0058 secs]
[>>][679152b173a1a698340764][DEFAULT][/lib/ajax/checkTCaseDuplicateName.php][25/Jan/22 20:18:57]
[<<][679152b173a1a698340764][DEFAULT][/lib/ajax/checkTCaseDuplicateName.php][25/Jan/22 20:18:57][25/Jan/22 20:18:57][took 0.004686 secs]
[<<][679152b3cb533167829466][DEFAULT][/testlink/lib/testcases/tcEdit.php][25/Jan/22 20:18:59][25/Jan/22 20:18:59][took 0.04692 secs]
[>>][679152b3d7205707507283][DEFAULT][/testlink/lib/testcases/tcEdit.php][25/Jan/22 20:18:59]
[<<][679152b3d7205707507283][DEFAULT][/testlink/lib/testcases/tcEdit.php][25/Jan/22 20:18:59][25/Jan/22 20:18:59][took 0.005463 secs]
[>>][679152b3d8ce8372087555][DEFAULT][/testlink/lib/testcases/tcEdit.php][25/Jan/22 20:18:59]
	[25/Jan/22 20:18:59][WARNING][uifqoanont5h4fkq8ksrndorr7][GUI - Test Project ID : 1]
		E_WARNING
Undefined array key 0 - in G:\xampp\htdocs\testlink\lib\functions\testcase.class.php - Line 5568
	[25/Jan/22 20:19:00][WARNING][uifqoanont5h4fkq8ksrndorr7][GUI - Test Project ID : 1]
		E_WARNING
Undefined array key 1 - in G:\xampp\htdocs\testlink\lib\functions\testcase.class.php - Line 5568
	[25/Jan/22 20:19:00][WARNING][uifqoanont5h4fkq8ksrndorr7][GUI - Test Project ID : 1]
		E_WARNING
Undefined array key 2 - in G:\xampp\htdocs\testlink\lib\functions\testcase.class.php - Line 5568
	[25/Jan/22 20:19:00][WARNING][uifqoanont5h4fkq8ksrndorr7][GUI - Test Project ID : 1]
		E_WARNING
Undefined array key 3 - in G:\xampp\htdocs\testlink\lib\functions\testcase.class.php - Line 5568
[<<][679152b3d8ce8372087555][DEFAULT][/testlink/lib/testcases/tcEdit.php][25/Jan/22 20:18:59][25/Jan/22 20:19:00][took 0.639097 secs]
[<<][679152b4a6afa048044556][DEFAULT][/testlink/lib/testcases/listTestCases.php][25/Jan/22 20:19:00][25/Jan/22 20:19:00][took 0.045097 secs]
[>>][679152b4b1fcb681847858][DEFAULT][/testlink/lib/testcases/listTestCases.php][25/Jan/22 20:19:00]
[<<][679152b4b1fcb681847858][DEFAULT][/testlink/lib/testcases/listTestCases.php][25/Jan/22 20:19:00][25/Jan/22 20:19:00][took 0.0053179999999999 secs]
[>>][679152b4b38f6712555736][DEFAULT][/testlink/lib/testcases/listTestCases.php][25/Jan/22 20:19:00]
[<<][679152b4b38f6712555736][DEFAULT][/testlink/lib/testcases/listTestCases.php][25/Jan/22 20:19:00][25/Jan/22 20:19:00][took 0.05858 secs]
[<<][679152b4ee454479172234][DEFAULT][/testlink/lib/ajax/gettprojectnodes.php][25/Jan/22 20:19:00][25/Jan/22 20:19:01][took 0.045848 secs]
[>>][679152b5059f9673448217][DEFAULT][/testlink/lib/ajax/gettprojectnodes.php][25/Jan/22 20:19:01]
[<<][679152b5059f9673448217][DEFAULT][/testlink/lib/ajax/gettprojectnodes.php][25/Jan/22 20:19:01][25/Jan/22 20:19:01][took 0.00486 secs]
[>>][679152b507120372811926][DEFAULT][/testlink/lib/ajax/gettprojectnodes.php][25/Jan/22 20:19:01]
[<<][679152b507120372811926][DEFAULT][/testlink/lib/ajax/gettprojectnodes.php][25/Jan/22 20:19:01][25/Jan/22 20:19:01][took 0.001779 secs]
[<<][679152b7912f1199342782][DEFAULT][/testlink/lib/testcases/archiveData.php][25/Jan/22 20:19:03][25/Jan/22 20:19:03][took 0.043897 secs]
[>>][679152b79c37f964744621][DEFAULT][/testlink/lib/testcases/archiveData.php][25/Jan/22 20:19:03]
[<<][679152b79c37f964744621][DEFAULT][/testlink/lib/testcases/archiveData.php][25/Jan/22 20:19:03][25/Jan/22 20:19:03][took 0.005049 secs]
[>>][679152b79dbc0449881248][DEFAULT][/testlink/lib/testcases/archiveData.php][25/Jan/22 20:19:03]
[<<][679152b79dbc0449881248][DEFAULT][/testlink/lib/testcases/archiveData.php][25/Jan/22 20:19:03][25/Jan/22 20:19:03][took 0.078149 secs]
[<<][679152bb4242e285257945][DEFAULT][/testlink/lib/testcases/tcEdit.php][25/Jan/22 20:19:07][25/Jan/22 20:19:07][took 0.045381 secs]
[>>][679152bb4dae4664738671][DEFAULT][/testlink/lib/testcases/tcEdit.php][25/Jan/22 20:19:07]
[<<][679152bb4dae4664738671][DEFAULT][/testlink/lib/testcases/tcEdit.php][25/Jan/22 20:19:07][25/Jan/22 20:19:07][took 0.005366 secs]
[>>][679152bb4f46f601166011][DEFAULT][/testlink/lib/testcases/tcEdit.php][25/Jan/22 20:19:07]
	[25/Jan/22 20:19:07][WARNING][uifqoanont5h4fkq8ksrndorr7][GUI - Test Project ID : 1]
		E_WARNING
Undefined array key 0 - in G:\xampp\htdocs\testlink\lib\functions\testcase.class.php - Line 5568
	[25/Jan/22 20:19:07][WARNING][uifqoanont5h4fkq8ksrndorr7][GUI - Test Project ID : 1]
		E_WARNING
Undefined array key 1 - in G:\xampp\htdocs\testlink\lib\functions\testcase.class.php - Line 5568
	[25/Jan/22 20:19:07][WARNING][uifqoanont5h4fkq8ksrndorr7][GUI - Test Project ID : 1]
		E_WARNING
Undefined array key 2 - in G:\xampp\htdocs\testlink\lib\functions\testcase.class.php - Line 5568
	[25/Jan/22 20:19:07][WARNING][uifqoanont5h4fkq8ksrndorr7][GUI - Test Project ID : 1]
		E_WARNING
Undefined array key 3 - in G:\xampp\htdocs\testlink\lib\functions\testcase.class.php - Line 5568
[<<][679152bb4f46f601166011][DEFAULT][/testlink/lib/testcases/tcEdit.php][25/Jan/22 20:19:07][25/Jan/22 20:19:08][took 0.695684 secs]
[<<][679152be747c8933649627][DEFAULT][/lib/ajax/checkTCaseDuplicateName.php][25/Jan/22 20:19:10][25/Jan/22 20:19:10][took 0.046339 secs]
[>>][679152be801e6382244681][DEFAULT][/lib/ajax/checkTCaseDuplicateName.php][25/Jan/22 20:19:10]
[<<][679152be801e6382244681][DEFAULT][/lib/ajax/checkTCaseDuplicateName.php][25/Jan/22 20:19:10][25/Jan/22 20:19:10][took 0.0052990000000001 secs]
[>>][679152be81aee629359069][DEFAULT][/lib/ajax/checkTCaseDuplicateName.php][25/Jan/22 20:19:10]
[<<][679152be81aee629359069][DEFAULT][/lib/ajax/checkTCaseDuplicateName.php][25/Jan/22 20:19:10][25/Jan/22 20:19:10][took 0.00519 secs]
[<<][679152bf7b38e860587020][DEFAULT][/lib/ajax/checkTCaseDuplicateName.php][25/Jan/22 20:19:11][25/Jan/22 20:19:11][took 0.050224 secs]
[>>][679152bf87d6b590432057][DEFAULT][/lib/ajax/checkTCaseDuplicateName.php][25/Jan/22 20:19:11]
[<<][679152bf87d6b590432057][DEFAULT][/lib/ajax/checkTCaseDuplicateName.php][25/Jan/22 20:19:11][25/Jan/22 20:19:11][took 0.005529 secs]
[>>][679152bf89781736792329][DEFAULT][/lib/ajax/checkTCaseDuplicateName.php][25/Jan/22 20:19:11]
[<<][679152bf89781736792329][DEFAULT][/lib/ajax/checkTCaseDuplicateName.php][25/Jan/22 20:19:11][25/Jan/22 20:19:11][took 0.004359 secs]
[<<][679152c160adb312174846][DEFAULT][/lib/ajax/checkTCaseDuplicateName.php][25/Jan/22 20:19:13][25/Jan/22 20:19:13][took 0.049575 secs]
[>>][679152c16d172600890589][DEFAULT][/lib/ajax/checkTCaseDuplicateName.php][25/Jan/22 20:19:13]
[<<][679152c16d172600890589][DEFAULT][/lib/ajax/checkTCaseDuplicateName.php][25/Jan/22 20:19:13][25/Jan/22 20:19:13][took 0.005225 secs]
[>>][679152c16eab8397479630][DEFAULT][/lib/ajax/checkTCaseDuplicateName.php][25/Jan/22 20:19:13]
[<<][679152c16eab8397479630][DEFAULT][/lib/ajax/checkTCaseDuplicateName.php][25/Jan/22 20:19:13][25/Jan/22 20:19:13][took 0.004394 secs]
[<<][679152c272bda305792154][DEFAULT][/testlink/lib/testcases/tcEdit.php][25/Jan/22 20:19:14][25/Jan/22 20:19:14][took 0.045311 secs]
[>>][679152c27e20e035236781][DEFAULT][/testlink/lib/testcases/tcEdit.php][25/Jan/22 20:19:14]
[<<][679152c27e20e035236781][DEFAULT][/testlink/lib/testcases/tcEdit.php][25/Jan/22 20:19:14][25/Jan/22 20:19:14][took 0.005247 secs]
[>>][679152c27fb07304006230][DEFAULT][/testlink/lib/testcases/tcEdit.php][25/Jan/22 20:19:14]
	[25/Jan/22 20:19:14][WARNING][uifqoanont5h4fkq8ksrndorr7][GUI - Test Project ID : 1]
		E_WARNING
Undefined array key 0 - in G:\xampp\htdocs\testlink\lib\functions\testcase.class.php - Line 5568
	[25/Jan/22 20:19:14][WARNING][uifqoanont5h4fkq8ksrndorr7][GUI - Test Project ID : 1]
		E_WARNING
Undefined array key 1 - in G:\xampp\htdocs\testlink\lib\functions\testcase.class.php - Line 5568
	[25/Jan/22 20:19:14][WARNING][uifqoanont5h4fkq8ksrndorr7][GUI - Test Project ID : 1]
		E_WARNING
Undefined array key 2 - in G:\xampp\htdocs\testlink\lib\functions\testcase.class.php - Line 5568
	[25/Jan/22 20:19:14][WARNING][uifqoanont5h4fkq8ksrndorr7][GUI - Test Project ID : 1]
		E_WARNING
Undefined array key 3 - in G:\xampp\htdocs\testlink\lib\functions\testcase.class.php - Line 5568
[<<][679152c27fb07304006230][DEFAULT][/testlink/lib/testcases/tcEdit.php][25/Jan/22 20:19:14][25/Jan/22 20:19:15][took 0.83287 secs]
[<<][679152c377a16231797767][DEFAULT][/testlink/lib/testcases/listTestCases.php][25/Jan/22 20:19:15][25/Jan/22 20:19:15][took 0.047247 secs]
[>>][679152c3837c8977548539][DEFAULT][/testlink/lib/testcases/listTestCases.php][25/Jan/22 20:19:15]
[<<][679152c3837c8977548539][DEFAULT][/testlink/lib/testcases/listTestCases.php][25/Jan/22 20:19:15][25/Jan/22 20:19:15][took 0.045003 secs]
[>>][679152c38ebd9459941778][DEFAULT][/testlink/lib/testcases/listTestCases.php][25/Jan/22 20:19:15]
[<<][679152c38ebd9459941778][DEFAULT][/testlink/lib/testcases/listTestCases.php][25/Jan/22 20:19:15][25/Jan/22 20:19:15][took 0.075564 secs]
[<<][679152c3c50e2114031374][DEFAULT][/testlink/lib/ajax/gettprojectnodes.php][25/Jan/22 20:19:15][25/Jan/22 20:19:15][took 0.045186 secs]
[>>][679152c3d067c730113479][DEFAULT][/testlink/lib/ajax/gettprojectnodes.php][25/Jan/22 20:19:15]
[<<][679152c3d067c730113479][DEFAULT][/testlink/lib/ajax/gettprojectnodes.php][25/Jan/22 20:19:15][25/Jan/22 20:19:15][took 0.005128 secs]
[>>][679152c3d1f00905897201][DEFAULT][/testlink/lib/ajax/gettprojectnodes.php][25/Jan/22 20:19:15]
[<<][679152c3d1f00905897201][DEFAULT][/testlink/lib/ajax/gettprojectnodes.php][25/Jan/22 20:19:15][25/Jan/22 20:19:15][took 0.002031 secs]
[<<][67915b9d50448695587845][DEFAULT][/testlink/lib/usermanagement/usersView.php][25/Jan/22 20:57:01][25/Jan/22 20:57:01][took 0.048662 secs]
[>>][67915b9d5c821278473344][DEFAULT][/testlink/lib/usermanagement/usersView.php][25/Jan/22 20:57:01]
[<<][67915b9d5c821278473344][DEFAULT][/testlink/lib/usermanagement/usersView.php][25/Jan/22 20:57:01][25/Jan/22 20:57:01][took 0.005648 secs]
[>>][67915b9d5e33d332902787][DEFAULT][/testlink/lib/usermanagement/usersView.php][25/Jan/22 20:57:01]
[<<][67915b9d5e33d332902787][DEFAULT][/testlink/lib/usermanagement/usersView.php][25/Jan/22 20:57:01][25/Jan/22 20:57:02][took 1.1779 secs]
[<<][67915b9ed9cbd471508204][DEFAULT][/testlink/lib/usermanagement/usersView.php][25/Jan/22 20:57:02][25/Jan/22 20:57:02][took 0.050415 secs]
[>>][67915b9ee673f703157429][DEFAULT][/testlink/lib/usermanagement/usersView.php][25/Jan/22 20:57:02]
[<<][67915b9ee673f703157429][DEFAULT][/testlink/lib/usermanagement/usersView.php][25/Jan/22 20:57:02][25/Jan/22 20:57:02][took 0.005406 secs]
[>>][67915b9ee8124729800756][DEFAULT][/testlink/lib/usermanagement/usersView.php][25/Jan/22 20:57:02]
[<<][67915b9ee8124729800756][DEFAULT][/testlink/lib/usermanagement/usersView.php][25/Jan/22 20:57:02][25/Jan/22 20:57:02][took 0.011436 secs]
[<<][67915ba10631a217704925][DEFAULT][/testlink/lib/usermanagement/usersEdit.php][25/Jan/22 20:57:05][25/Jan/22 20:57:05][took 0.050284 secs]
[>>][67915ba112cb5605769293][DEFAULT][/testlink/lib/usermanagement/usersEdit.php][25/Jan/22 20:57:05]
[<<][67915ba112cb5605769293][DEFAULT][/testlink/lib/usermanagement/usersEdit.php][25/Jan/22 20:57:05][25/Jan/22 20:57:05][took 0.006729 secs]
[>>][67915ba114bab646259727][DEFAULT][/testlink/lib/usermanagement/usersEdit.php][25/Jan/22 20:57:05]
[<<][67915ba114bab646259727][DEFAULT][/testlink/lib/usermanagement/usersEdit.php][25/Jan/22 20:57:05][25/Jan/22 20:57:06][took 1.214591 secs]
[<<][67915ba456b19813681749][DEFAULT][/testlink/lib/usermanagement/userInfo.php][25/Jan/22 20:57:08][25/Jan/22 20:57:08][took 0.050701 secs]
[>>][67915ba4636d4356300490][DEFAULT][/testlink/lib/usermanagement/userInfo.php][25/Jan/22 20:57:08]
[<<][67915ba4636d4356300490][DEFAULT][/testlink/lib/usermanagement/userInfo.php][25/Jan/22 20:57:08][25/Jan/22 20:57:08][took 0.005078 secs]
[>>][67915ba464f2d654538073][DEFAULT][/testlink/lib/usermanagement/userInfo.php][25/Jan/22 20:57:08]
[<<][67915ba464f2d654538073][DEFAULT][/testlink/lib/usermanagement/userInfo.php][25/Jan/22 20:57:08][25/Jan/22 20:57:08][took 0.034849 secs]
[<<][67915bc9566f2677901863][DEFAULT][/testlink/lib/usermanagement/userInfo.php][25/Jan/22 20:57:45][25/Jan/22 20:57:45][took 0.043634 secs]
[>>][67915bc961697604319872][DEFAULT][/testlink/lib/usermanagement/userInfo.php][25/Jan/22 20:57:45]
[<<][67915bc961697604319872][DEFAULT][/testlink/lib/usermanagement/userInfo.php][25/Jan/22 20:57:45][25/Jan/22 20:57:45][took 0.005122 secs]
[>>][67915bc962f83806917900][DEFAULT][/testlink/lib/usermanagement/userInfo.php][25/Jan/22 20:57:45]
[<<][67915bc962f83806917900][DEFAULT][/testlink/lib/usermanagement/userInfo.php][25/Jan/22 20:57:45][25/Jan/22 20:57:45][took 0.018219 secs]
[<<][67915bd58e54f171000759][DEFAULT][/testlink/index.php][25/Jan/22 20:57:57][25/Jan/22 20:57:57][took 0.049937 secs]
[>>][67915bd59ad4b031142338][DEFAULT][/testlink/index.php][25/Jan/22 20:57:57]
[<<][67915bd59ad4b031142338][DEFAULT][/testlink/index.php][25/Jan/22 20:57:57][25/Jan/22 20:57:57][took 0.007686 secs]
[<<][67915bd5b163c468799828][DEFAULT][/testlink/lib/general/navBar.php][25/Jan/22 20:57:57][25/Jan/22 20:57:57][took 0.057754 secs]
[>>][67915bd5bfe48144409148][DEFAULT][/testlink/lib/general/navBar.php][25/Jan/22 20:57:57]
[<<][67915bd5bfe48144409148][DEFAULT][/testlink/lib/general/navBar.php][25/Jan/22 20:57:57][25/Jan/22 20:57:57][took 0.006709 secs]
[>>][67915bd5c201c984992329][DEFAULT][/testlink/lib/general/navBar.php][25/Jan/22 20:57:57]
[<<][67915bd5c201c984992329][DEFAULT][/testlink/lib/general/navBar.php][25/Jan/22 20:57:57][25/Jan/22 20:57:57][took 0.032528 secs]
[<<][67915bd5b4e52715354933][DEFAULT][/testlink/lib/general/mainPage.php][25/Jan/22 20:57:57][25/Jan/22 20:57:57][took 0.183279 secs]
[>>][67915bd5e212e570317689][DEFAULT][/testlink/lib/general/mainPage.php][25/Jan/22 20:57:57]
[<<][67915bd5e212e570317689][DEFAULT][/testlink/lib/general/mainPage.php][25/Jan/22 20:57:57][25/Jan/22 20:57:57][took 0.0088020000000001 secs]
[>>][67915bd5e4ac6079175195][DEFAULT][/testlink/lib/general/mainPage.php][25/Jan/22 20:57:57]
[<<][67915bd5e4ac6079175195][DEFAULT][/testlink/lib/general/mainPage.php][25/Jan/22 20:57:57][25/Jan/22 20:57:58][took 0.09559 secs]
[<<][67915bd5f0004127821544][DEFAULT][/testlink/lib/general/mainPage.php][25/Jan/22 20:57:57][25/Jan/22 20:57:58][took 0.096156 secs]
[>>][67915bd613ffc925025225][DEFAULT][/testlink/lib/general/mainPage.php][25/Jan/22 20:57:58]
[<<][67915bd613ffc925025225][DEFAULT][/testlink/lib/general/mainPage.php][25/Jan/22 20:57:58][25/Jan/22 20:57:58][took 0.008952 secs]
[>>][67915bd61680e557924898][DEFAULT][/testlink/lib/general/mainPage.php][25/Jan/22 20:57:58]
[<<][67915bd61680e557924898][DEFAULT][/testlink/lib/general/mainPage.php][25/Jan/22 20:57:58][25/Jan/22 20:57:58][took 0.065569 secs]
[<<][67915bd858e82443932299][DEFAULT][/testlink/lib/usermanagement/userInfo.php][25/Jan/22 20:58:00][25/Jan/22 20:58:00][took 0.04417 secs]
[>>][67915bd8640c7389101527][DEFAULT][/testlink/lib/usermanagement/userInfo.php][25/Jan/22 20:58:00]
[<<][67915bd8640c7389101527][DEFAULT][/testlink/lib/usermanagement/userInfo.php][25/Jan/22 20:58:00][25/Jan/22 20:58:00][took 0.004959 secs]
[>>][67915bd8658a2107201014][DEFAULT][/testlink/lib/usermanagement/userInfo.php][25/Jan/22 20:58:00]
[<<][67915bd8658a2107201014][DEFAULT][/testlink/lib/usermanagement/userInfo.php][25/Jan/22 20:58:00][25/Jan/22 20:58:00][took 0.017853 secs]
[<<][67915be7e90af224938213][DEFAULT][/testlink/logout.php][25/Jan/22 20:58:15][25/Jan/22 20:58:16][took 0.054804 secs]
[>>][67915be802b43039077706][DEFAULT][/testlink/logout.php][25/Jan/22 20:58:16]
[<<][67915be802b43039077706][DEFAULT][/testlink/logout.php][25/Jan/22 20:58:16][25/Jan/22 20:58:16][took 0.00634 secs]
[>>][67915be804977242819827][DEFAULT][/testlink/logout.php][25/Jan/22 20:58:16]
	[25/Jan/22 20:58:16][AUDIT][uifqoanont5h4fkq8ksrndorr7][GUI - Test Project ID : 1]
		Logout of 'admin'
	[25/Jan/22 20:58:21][AUDIT][uifqoanont5h4fkq8ksrndorr7][GUI - Test Project ID : 1]
		Login for 'admin' from '::1' succeeded
[<<][67915bed52148762904674][DEFAULT][/testlink/login.php][25/Jan/22 20:58:21][25/Jan/22 20:58:21][took 0.106457 secs]
[<<][67915bed86c68855676764][DEFAULT][/testlink/index.php][25/Jan/22 20:58:21][25/Jan/22 20:58:21][took 0.046382 secs]
[>>][67915bed926c5817980221][DEFAULT][/testlink/index.php][25/Jan/22 20:58:21]
[<<][67915bed926c5817980221][DEFAULT][/testlink/index.php][25/Jan/22 20:58:21][25/Jan/22 20:58:21][took 0.008377 secs]
[<<][67915beda83ad669385913][DEFAULT][/testlink/lib/general/navBar.php][25/Jan/22 20:58:21][25/Jan/22 20:58:21][took 0.064817 secs]
[>>][67915bedb8637060241584][DEFAULT][/testlink/lib/general/navBar.php][25/Jan/22 20:58:21]
[<<][67915bedb8637060241584][DEFAULT][/testlink/lib/general/navBar.php][25/Jan/22 20:58:21][25/Jan/22 20:58:21][took 0.007123 secs]
[>>][67915bedba6b8825038150][DEFAULT][/testlink/lib/general/navBar.php][25/Jan/22 20:58:21]
[<<][67915bedba6b8825038150][DEFAULT][/testlink/lib/general/navBar.php][25/Jan/22 20:58:21][25/Jan/22 20:58:21][took 0.045929 secs]
[<<][67915bedac91b692899447][DEFAULT][/testlink/lib/general/mainPage.php][25/Jan/22 20:58:21][25/Jan/22 20:58:21][took 0.196549 secs]
[>>][67915beddcf74325216975][DEFAULT][/testlink/lib/general/mainPage.php][25/Jan/22 20:58:21]
[<<][67915beddcf74325216975][DEFAULT][/testlink/lib/general/mainPage.php][25/Jan/22 20:58:21][25/Jan/22 20:58:21][took 0.010685 secs]
[>>][67915beddfe92215530027][DEFAULT][/testlink/lib/general/mainPage.php][25/Jan/22 20:58:21]
[<<][67915beddfe92215530027][DEFAULT][/testlink/lib/general/mainPage.php][25/Jan/22 20:58:21][25/Jan/22 20:58:22][took 0.315621 secs]
[<<][67915bede9282125484802][DEFAULT][/testlink/lib/general/mainPage.php][25/Jan/22 20:58:21][25/Jan/22 20:58:22][took 0.310296 secs]
[>>][67915bee41215803828565][DEFAULT][/testlink/lib/general/mainPage.php][25/Jan/22 20:58:22]
[<<][67915bee41215803828565][DEFAULT][/testlink/lib/general/mainPage.php][25/Jan/22 20:58:22][25/Jan/22 20:58:22][took 0.00522 secs]
[>>][67915bee42ac7309578883][DEFAULT][/testlink/lib/general/mainPage.php][25/Jan/22 20:58:22]
[<<][67915bee42ac7309578883][DEFAULT][/testlink/lib/general/mainPage.php][25/Jan/22 20:58:22][25/Jan/22 20:58:22][took 0.052504 secs]
[<<][67915bfb1059b391901497][DEFAULT][/testlink/lib/usermanagement/userInfo.php][25/Jan/22 20:58:35][25/Jan/22 20:58:35][took 0.047193 secs]
[>>][67915bfb1c3d0757022065][DEFAULT][/testlink/lib/usermanagement/userInfo.php][25/Jan/22 20:58:35]
[<<][67915bfb1c3d0757022065][DEFAULT][/testlink/lib/usermanagement/userInfo.php][25/Jan/22 20:58:35][25/Jan/22 20:58:35][took 0.005591 secs]
[>>][67915bfb1de64934389244][DEFAULT][/testlink/lib/usermanagement/userInfo.php][25/Jan/22 20:58:35]
[<<][67915bfb1de64934389244][DEFAULT][/testlink/lib/usermanagement/userInfo.php][25/Jan/22 20:58:35][25/Jan/22 20:58:35][took 0.01911 secs]
	[25/Jan/22 21:00:23][AUDIT][uifqoanont5h4fkq8ksrndorr7][GUI - Test Project ID : 1]
		Login for 'admin' from '::1' succeeded
[<<][67915c674dfe5469887459][DEFAULT][/testlink/login.php][25/Jan/22 21:00:23][25/Jan/22 21:00:23][took 0.242019 secs]
[<<][67915c67e2016572482361][DEFAULT][/testlink/index.php][25/Jan/22 21:00:23][25/Jan/22 21:00:23][took 0.052407 secs]
[>>][67915c67ef20e670912405][DEFAULT][/testlink/index.php][25/Jan/22 21:00:23]
[<<][67915c67ef20e670912405][DEFAULT][/testlink/index.php][25/Jan/22 21:00:23][25/Jan/22 21:00:23][took 0.006644 secs]
[<<][67915c6811284833551948][DEFAULT][/testlink/lib/general/mainPage.php][25/Jan/22 21:00:24][25/Jan/22 21:00:24][took 0.051236 secs]
[>>][67915c681e07e916959752][DEFAULT][/testlink/lib/general/mainPage.php][25/Jan/22 21:00:24]
[<<][67915c681e07e916959752][DEFAULT][/testlink/lib/general/mainPage.php][25/Jan/22 21:00:24][25/Jan/22 21:00:24][took 0.008177 secs]
[>>][67915c68205dd172884607][DEFAULT][/testlink/lib/general/mainPage.php][25/Jan/22 21:00:24]
[<<][67915c68205dd172884607][DEFAULT][/testlink/lib/general/mainPage.php][25/Jan/22 21:00:24][25/Jan/22 21:00:24][took 0.245615 secs]
[<<][67915c6811284549896222][DEFAULT][/testlink/lib/general/navBar.php][25/Jan/22 21:00:24][25/Jan/22 21:00:24][took 0.39999 secs]
[>>][67915c68732d4219440819][DEFAULT][/testlink/lib/general/navBar.php][25/Jan/22 21:00:24]
[<<][67915c68732d4219440819][DEFAULT][/testlink/lib/general/navBar.php][25/Jan/22 21:00:24][25/Jan/22 21:00:24][took 0.007383 secs]
[>>][67915c6875678468393891][DEFAULT][/testlink/lib/general/navBar.php][25/Jan/22 21:00:24]
[<<][67915c6875678468393891][DEFAULT][/testlink/lib/general/navBar.php][25/Jan/22 21:00:24][25/Jan/22 21:00:24][took 0.037632 secs]
[<<][67915c689b1e0308749650][DEFAULT][/testlink/lib/general/mainPage.php][25/Jan/22 21:00:24][25/Jan/22 21:00:24][took 0.045491 secs]
[>>][67915c68a6901347509264][DEFAULT][/testlink/lib/general/mainPage.php][25/Jan/22 21:00:24]
[<<][67915c68a6901347509264][DEFAULT][/testlink/lib/general/mainPage.php][25/Jan/22 21:00:24][25/Jan/22 21:00:24][took 0.0055189999999999 secs]
[>>][67915c68a8411610654695][DEFAULT][/testlink/lib/general/mainPage.php][25/Jan/22 21:00:24]
[<<][67915c68a8411610654695][DEFAULT][/testlink/lib/general/mainPage.php][25/Jan/22 21:00:24][25/Jan/22 21:00:24][took 0.046753 secs]
[<<][67915c6ba4a98572212944][DEFAULT][/testlink/lib/usermanagement/userInfo.php][25/Jan/22 21:00:27][25/Jan/22 21:00:27][took 0.044043 secs]
[>>][67915c6bafb82103722800][DEFAULT][/testlink/lib/usermanagement/userInfo.php][25/Jan/22 21:00:27]
[<<][67915c6bafb82103722800][DEFAULT][/testlink/lib/usermanagement/userInfo.php][25/Jan/22 21:00:27][25/Jan/22 21:00:27][took 0.0051439999999999 secs]
[>>][67915c6bb13e3549746609][DEFAULT][/testlink/lib/usermanagement/userInfo.php][25/Jan/22 21:00:27]
[<<][67915c6bb13e3549746609][DEFAULT][/testlink/lib/usermanagement/userInfo.php][25/Jan/22 21:00:27][25/Jan/22 21:00:27][took 0.019033 secs]
[<<][67915c93adbc0043710579][DEFAULT][/testlink/lib/general/frmWorkArea.php][25/Jan/22 21:01:07][25/Jan/22 21:01:07][took 0.043918 secs]
[>>][67915c93b9bbb070331736][DEFAULT][/testlink/lib/general/frmWorkArea.php][25/Jan/22 21:01:07]
[<<][67915c93b9bbb070331736][DEFAULT][/testlink/lib/general/frmWorkArea.php][25/Jan/22 21:01:07][25/Jan/22 21:01:07][took 0.0051 secs]
[>>][67915c93bb4bb513301638][DEFAULT][/testlink/lib/general/frmWorkArea.php][25/Jan/22 21:01:07]
[<<][67915c93bb4bb513301638][DEFAULT][/testlink/lib/general/frmWorkArea.php][25/Jan/22 21:01:07][25/Jan/22 21:01:07][took 0.0036269999999999 secs]
[<<][67915c93d1a5c255399824][DEFAULT][/testlink/lib/testcases/listTestCases.php][25/Jan/22 21:01:07][25/Jan/22 21:01:07][took 0.055509 secs]
[>>][67915c93df815604556046][DEFAULT][/testlink/lib/testcases/listTestCases.php][25/Jan/22 21:01:07]
[<<][67915c93df815604556046][DEFAULT][/testlink/lib/testcases/listTestCases.php][25/Jan/22 21:01:07][25/Jan/22 21:01:07][took 0.005777 secs]
[>>][67915c93e1328979587791][DEFAULT][/testlink/lib/testcases/listTestCases.php][25/Jan/22 21:01:07]
[<<][67915c93e1328979587791][DEFAULT][/testlink/lib/testcases/listTestCases.php][25/Jan/22 21:01:07][25/Jan/22 21:01:08][took 0.503581 secs]
[<<][67915c93d330c612767913][DEFAULT][/testlink/lib/testcases/archiveData.php][25/Jan/22 21:01:07][25/Jan/22 21:01:08][took 0.616654 secs]
[>>][67915c9475eaa048727800][DEFAULT][/testlink/lib/testcases/archiveData.php][25/Jan/22 21:01:08]
[<<][67915c9475eaa048727800][DEFAULT][/testlink/lib/testcases/archiveData.php][25/Jan/22 21:01:08][25/Jan/22 21:01:08][took 0.005737 secs]
[>>][67915c9477a11401232586][DEFAULT][/testlink/lib/testcases/archiveData.php][25/Jan/22 21:01:08]
[<<][67915c9477a11401232586][DEFAULT][/testlink/lib/testcases/archiveData.php][25/Jan/22 21:01:08][25/Jan/22 21:01:08][took 0.074427 secs]
[<<][67915c94a10c9835485767][DEFAULT][/testlink/lib/ajax/gettprojectnodes.php][25/Jan/22 21:01:08][25/Jan/22 21:01:08][took 0.084237 secs]
[>>][67915c94b5f44974483604][DEFAULT][/testlink/lib/ajax/gettprojectnodes.php][25/Jan/22 21:01:08]
[<<][67915c94b5f44974483604][DEFAULT][/testlink/lib/ajax/gettprojectnodes.php][25/Jan/22 21:01:08][25/Jan/22 21:01:08][took 0.004872 secs]
[>>][67915c94b76b4607156403][DEFAULT][/testlink/lib/ajax/gettprojectnodes.php][25/Jan/22 21:01:08]
[<<][67915c94b76b4607156403][DEFAULT][/testlink/lib/ajax/gettprojectnodes.php][25/Jan/22 21:01:08][25/Jan/22 21:01:08][took 0.0017499999999999 secs]
[<<][67915ca4de32e444483308][DEFAULT][/testlink/index.php][25/Jan/22 21:01:24][25/Jan/22 21:01:24][took 0.067861 secs]
[>>][67915ca4ef2b1080985374][DEFAULT][/testlink/index.php][25/Jan/22 21:01:24]
[<<][67915ca4ef2b1080985374][DEFAULT][/testlink/index.php][25/Jan/22 21:01:24][25/Jan/22 21:01:24][took 0.011964 secs]
[<<][67915ca51465f801806107][DEFAULT][/testlink/lib/general/navBar.php][25/Jan/22 21:01:25][25/Jan/22 21:01:25][took 0.070183 secs]
[>>][67915ca525db6415300700][DEFAULT][/testlink/lib/general/navBar.php][25/Jan/22 21:01:25]
[<<][67915ca525db6415300700][DEFAULT][/testlink/lib/general/navBar.php][25/Jan/22 21:01:25][25/Jan/22 21:01:25][took 0.006184 secs]
[>>][67915ca527a2f003377317][DEFAULT][/testlink/lib/general/navBar.php][25/Jan/22 21:01:25]
[<<][67915ca527a2f003377317][DEFAULT][/testlink/lib/general/navBar.php][25/Jan/22 21:01:25][25/Jan/22 21:01:25][took 0.032796 secs]
[<<][67915ca517ca2968633452][DEFAULT][/testlink/lib/general/mainPage.php][25/Jan/22 21:01:25][25/Jan/22 21:01:25][took 0.174943 secs]
[>>][67915ca542fa0449642845][DEFAULT][/testlink/lib/general/mainPage.php][25/Jan/22 21:01:25]
[<<][67915ca542fa0449642845][DEFAULT][/testlink/lib/general/mainPage.php][25/Jan/22 21:01:25][25/Jan/22 21:01:25][took 0.00839 secs]
[>>][67915ca545725861079626][DEFAULT][/testlink/lib/general/mainPage.php][25/Jan/22 21:01:25]
[<<][67915ca545725861079626][DEFAULT][/testlink/lib/general/mainPage.php][25/Jan/22 21:01:25][25/Jan/22 21:01:25][took 0.08966 secs]
[<<][67915ca549c10919389200][DEFAULT][/testlink/lib/general/mainPage.php][25/Jan/22 21:01:25][25/Jan/22 21:01:25][took 0.113681 secs]
[>>][67915ca565f91523631032][DEFAULT][/testlink/lib/general/mainPage.php][25/Jan/22 21:01:25]
[<<][67915ca565f91523631032][DEFAULT][/testlink/lib/general/mainPage.php][25/Jan/22 21:01:25][25/Jan/22 21:01:25][took 0.008162 secs]
[>>][67915ca568548615371276][DEFAULT][/testlink/lib/general/mainPage.php][25/Jan/22 21:01:25]
[<<][67915ca568548615371276][DEFAULT][/testlink/lib/general/mainPage.php][25/Jan/22 21:01:25][25/Jan/22 21:01:25][took 0.065632 secs]
[<<][67915caf76634551785194][DEFAULT][/testlink/lib/usermanagement/usersAssign.php][25/Jan/22 21:01:35][25/Jan/22 21:01:35][took 0.044612 secs]
[>>][67915caf81972014855335][DEFAULT][/testlink/lib/usermanagement/usersAssign.php][25/Jan/22 21:01:35]
[<<][67915caf81972014855335][DEFAULT][/testlink/lib/usermanagement/usersAssign.php][25/Jan/22 21:01:35][25/Jan/22 21:01:35][took 0.0178 secs]
[>>][67915caf863a0112651813][DEFAULT][/testlink/lib/usermanagement/usersAssign.php][25/Jan/22 21:01:35]
	[25/Jan/22 21:01:36][WARNING][uifqoanont5h4fkq8ksrndorr7][GUI - Test Project ID : 1]
		E_WARNING
Undefined array key "DataTablesSelector" - in G:\xampp\htdocs\testlink\gui\templates_c\094f29af95efaafdd96656b174c270aa67768665_0.file.DataTables.inc.tpl.php - Line 35
	[25/Jan/22 21:01:36][WARNING][uifqoanont5h4fkq8ksrndorr7][GUI - Test Project ID : 1]
		E_WARNING
Attempt to read property "value" on null - in G:\xampp\htdocs\testlink\gui\templates_c\094f29af95efaafdd96656b174c270aa67768665_0.file.DataTables.inc.tpl.php - Line 35
	[25/Jan/22 21:01:36][WARNING][uifqoanont5h4fkq8ksrndorr7][GUI - Test Project ID : 1]
		E_WARNING
Undefined array key "DataTablesSelector" - in G:\xampp\htdocs\testlink\gui\templates_c\7ab2ac4612be48ca8fac73cf6aeabef82ea8c145_0.file.DataTablesColumnFiltering.inc.tpl.php - Line 31
	[25/Jan/22 21:01:36][WARNING][uifqoanont5h4fkq8ksrndorr7][GUI - Test Project ID : 1]
		E_WARNING
Attempt to read property "value" on null - in G:\xampp\htdocs\testlink\gui\templates_c\7ab2ac4612be48ca8fac73cf6aeabef82ea8c145_0.file.DataTablesColumnFiltering.inc.tpl.php - Line 31
	[25/Jan/22 21:01:36][WARNING][uifqoanont5h4fkq8ksrndorr7][GUI - Test Project ID : 1]
		E_WARNING
Undefined array key "DataTablesSelector" - in G:\xampp\htdocs\testlink\gui\templates_c\7ab2ac4612be48ca8fac73cf6aeabef82ea8c145_0.file.DataTablesColumnFiltering.inc.tpl.php - Line 48
	[25/Jan/22 21:01:36][WARNING][uifqoanont5h4fkq8ksrndorr7][GUI - Test Project ID : 1]
		E_WARNING
Attempt to read property "value" on null - in G:\xampp\htdocs\testlink\gui\templates_c\7ab2ac4612be48ca8fac73cf6aeabef82ea8c145_0.file.DataTablesColumnFiltering.inc.tpl.php - Line 48
	[25/Jan/22 21:01:37][WARNING][uifqoanont5h4fkq8ksrndorr7][GUI - Test Project ID : 1]
		E_WARNING
Undefined array key "DataTablesSelector" - in G:\xampp\htdocs\testlink\gui\templates_c\7ab2ac4612be48ca8fac73cf6aeabef82ea8c145_0.file.DataTablesColumnFiltering.inc.tpl.php - Line 49
	[25/Jan/22 21:01:37][WARNING][uifqoanont5h4fkq8ksrndorr7][GUI - Test Project ID : 1]
		E_WARNING
Attempt to read property "value" on null - in G:\xampp\htdocs\testlink\gui\templates_c\7ab2ac4612be48ca8fac73cf6aeabef82ea8c145_0.file.DataTablesColumnFiltering.inc.tpl.php - Line 49
	[25/Jan/22 21:01:37][WARNING][uifqoanont5h4fkq8ksrndorr7][GUI - Test Project ID : 1]
		E_WARNING
Undefined array key "DataTablesSelector" - in G:\xampp\htdocs\testlink\gui\templates_c\7ab2ac4612be48ca8fac73cf6aeabef82ea8c145_0.file.DataTablesColumnFiltering.inc.tpl.php - Line 51
	[25/Jan/22 21:01:37][WARNING][uifqoanont5h4fkq8ksrndorr7][GUI - Test Project ID : 1]
		E_WARNING
Attempt to read property "value" on null - in G:\xampp\htdocs\testlink\gui\templates_c\7ab2ac4612be48ca8fac73cf6aeabef82ea8c145_0.file.DataTablesColumnFiltering.inc.tpl.php - Line 51
[<<][67915caf863a0112651813][DEFAULT][/testlink/lib/usermanagement/usersAssign.php][25/Jan/22 21:01:35][25/Jan/22 21:01:37][took 1.648136 secs]
[<<][67915cb0a03ab171245251][DEFAULT][/testlink/lib/usermanagement/usersAssign.php][25/Jan/22 21:01:36][25/Jan/22 21:01:37][took 0.7098 secs]
[>>][67915cb159b6b952215705][DEFAULT][/testlink/lib/usermanagement/usersAssign.php][25/Jan/22 21:01:37]
[<<][67915cb159b6b952215705][DEFAULT][/testlink/lib/usermanagement/usersAssign.php][25/Jan/22 21:01:37][25/Jan/22 21:01:37][took 0.021206 secs]
[>>][67915cb15f3a9403155918][DEFAULT][/testlink/lib/usermanagement/usersAssign.php][25/Jan/22 21:01:37]
	[25/Jan/22 21:01:37][WARNING][uifqoanont5h4fkq8ksrndorr7][GUI - Test Project ID : 1]
		E_WARNING
Undefined array key "DataTablesSelector" - in G:\xampp\htdocs\testlink\gui\templates_c\094f29af95efaafdd96656b174c270aa67768665_0.file.DataTables.inc.tpl.php - Line 35
	[25/Jan/22 21:01:37][WARNING][uifqoanont5h4fkq8ksrndorr7][GUI - Test Project ID : 1]
		E_WARNING
Attempt to read property "value" on null - in G:\xampp\htdocs\testlink\gui\templates_c\094f29af95efaafdd96656b174c270aa67768665_0.file.DataTables.inc.tpl.php - Line 35
	[25/Jan/22 21:01:37][WARNING][uifqoanont5h4fkq8ksrndorr7][GUI - Test Project ID : 1]
		E_WARNING
Undefined array key "DataTablesSelector" - in G:\xampp\htdocs\testlink\gui\templates_c\7ab2ac4612be48ca8fac73cf6aeabef82ea8c145_0.file.DataTablesColumnFiltering.inc.tpl.php - Line 31
	[25/Jan/22 21:01:37][WARNING][uifqoanont5h4fkq8ksrndorr7][GUI - Test Project ID : 1]
		E_WARNING
Attempt to read property "value" on null - in G:\xampp\htdocs\testlink\gui\templates_c\7ab2ac4612be48ca8fac73cf6aeabef82ea8c145_0.file.DataTablesColumnFiltering.inc.tpl.php - Line 31
	[25/Jan/22 21:01:37][WARNING][uifqoanont5h4fkq8ksrndorr7][GUI - Test Project ID : 1]
		E_WARNING
Undefined array key "DataTablesSelector" - in G:\xampp\htdocs\testlink\gui\templates_c\7ab2ac4612be48ca8fac73cf6aeabef82ea8c145_0.file.DataTablesColumnFiltering.inc.tpl.php - Line 48
	[25/Jan/22 21:01:37][WARNING][uifqoanont5h4fkq8ksrndorr7][GUI - Test Project ID : 1]
		E_WARNING
Attempt to read property "value" on null - in G:\xampp\htdocs\testlink\gui\templates_c\7ab2ac4612be48ca8fac73cf6aeabef82ea8c145_0.file.DataTablesColumnFiltering.inc.tpl.php - Line 48
	[25/Jan/22 21:01:37][WARNING][uifqoanont5h4fkq8ksrndorr7][GUI - Test Project ID : 1]
		E_WARNING
Undefined array key "DataTablesSelector" - in G:\xampp\htdocs\testlink\gui\templates_c\7ab2ac4612be48ca8fac73cf6aeabef82ea8c145_0.file.DataTablesColumnFiltering.inc.tpl.php - Line 49
	[25/Jan/22 21:01:37][WARNING][uifqoanont5h4fkq8ksrndorr7][GUI - Test Project ID : 1]
		E_WARNING
Attempt to read property "value" on null - in G:\xampp\htdocs\testlink\gui\templates_c\7ab2ac4612be48ca8fac73cf6aeabef82ea8c145_0.file.DataTablesColumnFiltering.inc.tpl.php - Line 49
	[25/Jan/22 21:01:37][WARNING][uifqoanont5h4fkq8ksrndorr7][GUI - Test Project ID : 1]
		E_WARNING
Undefined array key "DataTablesSelector" - in G:\xampp\htdocs\testlink\gui\templates_c\7ab2ac4612be48ca8fac73cf6aeabef82ea8c145_0.file.DataTablesColumnFiltering.inc.tpl.php - Line 51
	[25/Jan/22 21:01:38][WARNING][uifqoanont5h4fkq8ksrndorr7][GUI - Test Project ID : 1]
		E_WARNING
Attempt to read property "value" on null - in G:\xampp\htdocs\testlink\gui\templates_c\7ab2ac4612be48ca8fac73cf6aeabef82ea8c145_0.file.DataTablesColumnFiltering.inc.tpl.php - Line 51
[<<][67915cb15f3a9403155918][DEFAULT][/testlink/lib/usermanagement/usersAssign.php][25/Jan/22 21:01:37][25/Jan/22 21:01:38][took 0.683388 secs]
[<<][67915cb45899c436112673][DEFAULT][/testlink/lib/usermanagement/usersView.php][25/Jan/22 21:01:40][25/Jan/22 21:01:40][took 0.043963 secs]
[>>][67915cb463a35384830649][DEFAULT][/testlink/lib/usermanagement/usersView.php][25/Jan/22 21:01:40]
[<<][67915cb463a35384830649][DEFAULT][/testlink/lib/usermanagement/usersView.php][25/Jan/22 21:01:40][25/Jan/22 21:01:40][took 0.005253 secs]
[>>][67915cb4652e4175047312][DEFAULT][/testlink/lib/usermanagement/usersView.php][25/Jan/22 21:01:40]
[<<][67915cb4652e4175047312][DEFAULT][/testlink/lib/usermanagement/usersView.php][25/Jan/22 21:01:40][25/Jan/22 21:01:40][took 0.009718 secs]
[<<][67915cba79e95179933519][DEFAULT][/testlink/lib/usermanagement/usersEdit.php][25/Jan/22 21:01:46][25/Jan/22 21:01:46][took 0.051074 secs]
[>>][67915cba86b98697737668][DEFAULT][/testlink/lib/usermanagement/usersEdit.php][25/Jan/22 21:01:46]
[<<][67915cba86b98697737668][DEFAULT][/testlink/lib/usermanagement/usersEdit.php][25/Jan/22 21:01:46][25/Jan/22 21:01:46][took 0.005223 secs]
[>>][67915cba88460965248206][DEFAULT][/testlink/lib/usermanagement/usersEdit.php][25/Jan/22 21:01:46]
[<<][67915cba88460965248206][DEFAULT][/testlink/lib/usermanagement/usersEdit.php][25/Jan/22 21:01:46][25/Jan/22 21:01:46][took 0.016719 secs]
[<<][67915cc0dcf1a892746038][DEFAULT][/testlink/lib/usermanagement/userInfo.php][25/Jan/22 21:01:52][25/Jan/22 21:01:52][took 0.046162 secs]
[>>][67915cc0e889a030641533][DEFAULT][/testlink/lib/usermanagement/userInfo.php][25/Jan/22 21:01:52]
[<<][67915cc0e889a030641533][DEFAULT][/testlink/lib/usermanagement/userInfo.php][25/Jan/22 21:01:52][25/Jan/22 21:01:52][took 0.006375 secs]
[>>][67915cc0ea653065070120][DEFAULT][/testlink/lib/usermanagement/userInfo.php][25/Jan/22 21:01:52]
[<<][67915cc0ea653065070120][DEFAULT][/testlink/lib/usermanagement/userInfo.php][25/Jan/22 21:01:52][25/Jan/22 21:01:52][took 0.01932 secs]
[<<][67915cc243e67756367888][DEFAULT][/testlink/lib/usermanagement/userInfo.php][25/Jan/22 21:01:54][25/Jan/22 21:01:54][took 0.046345 secs]
[>>][67915cc24f8a2547107486][DEFAULT][/testlink/lib/usermanagement/userInfo.php][25/Jan/22 21:01:54]
[<<][67915cc24f8a2547107486][DEFAULT][/testlink/lib/usermanagement/userInfo.php][25/Jan/22 21:01:54][25/Jan/22 21:01:54][took 0.005512 secs]
[>>][67915cc251313884863128][DEFAULT][/testlink/lib/usermanagement/userInfo.php][25/Jan/22 21:01:54]
[<<][67915cc251313884863128][DEFAULT][/testlink/lib/usermanagement/userInfo.php][25/Jan/22 21:01:54][25/Jan/22 21:01:54][took 0.018687 secs]
[<<][67915cc271f0a060775734][DEFAULT][/testlink/lib/usermanagement/userInfo.php][25/Jan/22 21:01:54][25/Jan/22 21:01:54][took 0.048513 secs]
[>>][67915cc27e22d393721372][DEFAULT][/testlink/lib/usermanagement/userInfo.php][25/Jan/22 21:01:54]
[<<][67915cc27e22d393721372][DEFAULT][/testlink/lib/usermanagement/userInfo.php][25/Jan/22 21:01:54][25/Jan/22 21:01:54][took 0.0060749999999999 secs]
[>>][67915cc27ff24930498587][DEFAULT][/testlink/lib/usermanagement/userInfo.php][25/Jan/22 21:01:54]
[<<][67915cc27ff24930498587][DEFAULT][/testlink/lib/usermanagement/userInfo.php][25/Jan/22 21:01:54][25/Jan/22 21:01:54][took 0.021335 secs]
[<<][67915cc2d63df914532072][DEFAULT][/testlink/lib/usermanagement/usersView.php][25/Jan/22 21:01:54][25/Jan/22 21:01:54][took 0.048556 secs]
[>>][67915cc2e281f206884171][DEFAULT][/testlink/lib/usermanagement/usersView.php][25/Jan/22 21:01:54]
[<<][67915cc2e281f206884171][DEFAULT][/testlink/lib/usermanagement/usersView.php][25/Jan/22 21:01:54][25/Jan/22 21:01:54][took 0.005236 secs]
[>>][67915cc2e4151080637341][DEFAULT][/testlink/lib/usermanagement/usersView.php][25/Jan/22 21:01:54]
[<<][67915cc2e4151080637341][DEFAULT][/testlink/lib/usermanagement/usersView.php][25/Jan/22 21:01:54][25/Jan/22 21:01:54][took 0.010543 secs]
[<<][67915cc3a7f06482533209][DEFAULT][/testlink/lib/usermanagement/usersView.php][25/Jan/22 21:01:55][25/Jan/22 21:01:55][took 0.04947 secs]
[>>][67915cc3b456f761425249][DEFAULT][/testlink/lib/usermanagement/usersView.php][25/Jan/22 21:01:55]
[<<][67915cc3b456f761425249][DEFAULT][/testlink/lib/usermanagement/usersView.php][25/Jan/22 21:01:55][25/Jan/22 21:01:55][took 0.005758 secs]
[>>][67915cc3b60f7600166074][DEFAULT][/testlink/lib/usermanagement/usersView.php][25/Jan/22 21:01:55]
[<<][67915cc3b60f7600166074][DEFAULT][/testlink/lib/usermanagement/usersView.php][25/Jan/22 21:01:55][25/Jan/22 21:01:55][took 0.009832 secs]
[<<][67915cc3dfbaf610074223][DEFAULT][/testlink/lib/usermanagement/usersView.php][25/Jan/22 21:01:55][25/Jan/22 21:01:55][took 0.053347 secs]
[>>][67915cc3ed1da962136682][DEFAULT][/testlink/lib/usermanagement/usersView.php][25/Jan/22 21:01:55]
[<<][67915cc3ed1da962136682][DEFAULT][/testlink/lib/usermanagement/usersView.php][25/Jan/22 21:01:55][25/Jan/22 21:01:55][took 0.005228 secs]
[>>][67915cc3eea8d984177712][DEFAULT][/testlink/lib/usermanagement/usersView.php][25/Jan/22 21:01:55]
[<<][67915cc3eea8d984177712][DEFAULT][/testlink/lib/usermanagement/usersView.php][25/Jan/22 21:01:55][25/Jan/22 21:01:55][took 0.010303 secs]
[<<][67915cc4c5720663626635][DEFAULT][/testlink/lib/usermanagement/rolesView.php][25/Jan/22 21:01:56][25/Jan/22 21:01:56][took 0.050199 secs]
[>>][67915cc4d2152224246354][DEFAULT][/testlink/lib/usermanagement/rolesView.php][25/Jan/22 21:01:56]
[<<][67915cc4d2152224246354][DEFAULT][/testlink/lib/usermanagement/rolesView.php][25/Jan/22 21:01:56][25/Jan/22 21:01:56][took 0.00526 secs]
[>>][67915cc4d3abe386667457][DEFAULT][/testlink/lib/usermanagement/rolesView.php][25/Jan/22 21:01:56]
[<<][67915cc4d3abe386667457][DEFAULT][/testlink/lib/usermanagement/rolesView.php][25/Jan/22 21:01:56][25/Jan/22 21:01:57][took 0.552145 secs]
[<<][67915cc655e16233870858][DEFAULT][/testlink/lib/usermanagement/usersAssign.php][25/Jan/22 21:01:58][25/Jan/22 21:01:58][took 0.043077 secs]
[>>][67915cc660bee689969505][DEFAULT][/testlink/lib/usermanagement/usersAssign.php][25/Jan/22 21:01:58]
[<<][67915cc660bee689969505][DEFAULT][/testlink/lib/usermanagement/usersAssign.php][25/Jan/22 21:01:58][25/Jan/22 21:01:58][took 0.018157 secs]
[>>][67915cc6657af768446597][DEFAULT][/testlink/lib/usermanagement/usersAssign.php][25/Jan/22 21:01:58]
	[25/Jan/22 21:01:58][WARNING][uifqoanont5h4fkq8ksrndorr7][GUI - Test Project ID : 1]
		E_WARNING
Undefined array key "DataTablesSelector" - in G:\xampp\htdocs\testlink\gui\templates_c\094f29af95efaafdd96656b174c270aa67768665_0.file.DataTables.inc.tpl.php - Line 35
	[25/Jan/22 21:01:58][WARNING][uifqoanont5h4fkq8ksrndorr7][GUI - Test Project ID : 1]
		E_WARNING
Attempt to read property "value" on null - in G:\xampp\htdocs\testlink\gui\templates_c\094f29af95efaafdd96656b174c270aa67768665_0.file.DataTables.inc.tpl.php - Line 35
	[25/Jan/22 21:01:58][WARNING][uifqoanont5h4fkq8ksrndorr7][GUI - Test Project ID : 1]
		E_WARNING
Undefined array key "DataTablesSelector" - in G:\xampp\htdocs\testlink\gui\templates_c\7ab2ac4612be48ca8fac73cf6aeabef82ea8c145_0.file.DataTablesColumnFiltering.inc.tpl.php - Line 31
	[25/Jan/22 21:01:58][WARNING][uifqoanont5h4fkq8ksrndorr7][GUI - Test Project ID : 1]
		E_WARNING
Attempt to read property "value" on null - in G:\xampp\htdocs\testlink\gui\templates_c\7ab2ac4612be48ca8fac73cf6aeabef82ea8c145_0.file.DataTablesColumnFiltering.inc.tpl.php - Line 31
	[25/Jan/22 21:01:59][WARNING][uifqoanont5h4fkq8ksrndorr7][GUI - Test Project ID : 1]
		E_WARNING
Undefined array key "DataTablesSelector" - in G:\xampp\htdocs\testlink\gui\templates_c\7ab2ac4612be48ca8fac73cf6aeabef82ea8c145_0.file.DataTablesColumnFiltering.inc.tpl.php - Line 48
	[25/Jan/22 21:01:59][WARNING][uifqoanont5h4fkq8ksrndorr7][GUI - Test Project ID : 1]
		E_WARNING
Attempt to read property "value" on null - in G:\xampp\htdocs\testlink\gui\templates_c\7ab2ac4612be48ca8fac73cf6aeabef82ea8c145_0.file.DataTablesColumnFiltering.inc.tpl.php - Line 48
	[25/Jan/22 21:01:59][WARNING][uifqoanont5h4fkq8ksrndorr7][GUI - Test Project ID : 1]
		E_WARNING
Undefined array key "DataTablesSelector" - in G:\xampp\htdocs\testlink\gui\templates_c\7ab2ac4612be48ca8fac73cf6aeabef82ea8c145_0.file.DataTablesColumnFiltering.inc.tpl.php - Line 49
	[25/Jan/22 21:01:59][WARNING][uifqoanont5h4fkq8ksrndorr7][GUI - Test Project ID : 1]
		E_WARNING
Attempt to read property "value" on null - in G:\xampp\htdocs\testlink\gui\templates_c\7ab2ac4612be48ca8fac73cf6aeabef82ea8c145_0.file.DataTablesColumnFiltering.inc.tpl.php - Line 49
	[25/Jan/22 21:01:59][WARNING][uifqoanont5h4fkq8ksrndorr7][GUI - Test Project ID : 1]
		E_WARNING
Undefined array key "DataTablesSelector" - in G:\xampp\htdocs\testlink\gui\templates_c\7ab2ac4612be48ca8fac73cf6aeabef82ea8c145_0.file.DataTablesColumnFiltering.inc.tpl.php - Line 51
	[25/Jan/22 21:01:59][WARNING][uifqoanont5h4fkq8ksrndorr7][GUI - Test Project ID : 1]
		E_WARNING
Attempt to read property "value" on null - in G:\xampp\htdocs\testlink\gui\templates_c\7ab2ac4612be48ca8fac73cf6aeabef82ea8c145_0.file.DataTablesColumnFiltering.inc.tpl.php - Line 51
[<<][67915cc6657af768446597][DEFAULT][/testlink/lib/usermanagement/usersAssign.php][25/Jan/22 21:01:58][25/Jan/22 21:01:59][took 0.859016 secs]
[<<][67915cc81f1ff379984579][DEFAULT][/testlink/lib/usermanagement/usersAssign.php][25/Jan/22 21:02:00][25/Jan/22 21:02:00][took 0.048156 secs]
[>>][67915cc82b369038628629][DEFAULT][/testlink/lib/usermanagement/usersAssign.php][25/Jan/22 21:02:00]
[<<][67915cc82b369038628629][DEFAULT][/testlink/lib/usermanagement/usersAssign.php][25/Jan/22 21:02:00][25/Jan/22 21:02:00][took 0.051255 secs]
[>>][67915cc83808a209837888][DEFAULT][/testlink/lib/usermanagement/usersAssign.php][25/Jan/22 21:02:00]
	[25/Jan/22 21:02:00][WARNING][uifqoanont5h4fkq8ksrndorr7][GUI - Test Project ID : 1]
		E_WARNING
Undefined array key "DataTablesSelector" - in G:\xampp\htdocs\testlink\gui\templates_c\094f29af95efaafdd96656b174c270aa67768665_0.file.DataTables.inc.tpl.php - Line 35
	[25/Jan/22 21:02:00][WARNING][uifqoanont5h4fkq8ksrndorr7][GUI - Test Project ID : 1]
		E_WARNING
Attempt to read property "value" on null - in G:\xampp\htdocs\testlink\gui\templates_c\094f29af95efaafdd96656b174c270aa67768665_0.file.DataTables.inc.tpl.php - Line 35
	[25/Jan/22 21:02:00][WARNING][uifqoanont5h4fkq8ksrndorr7][GUI - Test Project ID : 1]
		E_WARNING
Undefined array key "DataTablesSelector" - in G:\xampp\htdocs\testlink\gui\templates_c\7ab2ac4612be48ca8fac73cf6aeabef82ea8c145_0.file.DataTablesColumnFiltering.inc.tpl.php - Line 31
	[25/Jan/22 21:02:00][WARNING][uifqoanont5h4fkq8ksrndorr7][GUI - Test Project ID : 1]
		E_WARNING
Attempt to read property "value" on null - in G:\xampp\htdocs\testlink\gui\templates_c\7ab2ac4612be48ca8fac73cf6aeabef82ea8c145_0.file.DataTablesColumnFiltering.inc.tpl.php - Line 31
	[25/Jan/22 21:02:00][WARNING][uifqoanont5h4fkq8ksrndorr7][GUI - Test Project ID : 1]
		E_WARNING
Undefined array key "DataTablesSelector" - in G:\xampp\htdocs\testlink\gui\templates_c\7ab2ac4612be48ca8fac73cf6aeabef82ea8c145_0.file.DataTablesColumnFiltering.inc.tpl.php - Line 48
	[25/Jan/22 21:02:00][WARNING][uifqoanont5h4fkq8ksrndorr7][GUI - Test Project ID : 1]
		E_WARNING
Attempt to read property "value" on null - in G:\xampp\htdocs\testlink\gui\templates_c\7ab2ac4612be48ca8fac73cf6aeabef82ea8c145_0.file.DataTablesColumnFiltering.inc.tpl.php - Line 48
	[25/Jan/22 21:02:00][WARNING][uifqoanont5h4fkq8ksrndorr7][GUI - Test Project ID : 1]
		E_WARNING
Undefined array key "DataTablesSelector" - in G:\xampp\htdocs\testlink\gui\templates_c\7ab2ac4612be48ca8fac73cf6aeabef82ea8c145_0.file.DataTablesColumnFiltering.inc.tpl.php - Line 49
	[25/Jan/22 21:02:00][WARNING][uifqoanont5h4fkq8ksrndorr7][GUI - Test Project ID : 1]
		E_WARNING
Attempt to read property "value" on null - in G:\xampp\htdocs\testlink\gui\templates_c\7ab2ac4612be48ca8fac73cf6aeabef82ea8c145_0.file.DataTablesColumnFiltering.inc.tpl.php - Line 49
	[25/Jan/22 21:02:00][WARNING][uifqoanont5h4fkq8ksrndorr7][GUI - Test Project ID : 1]
		E_WARNING
Undefined array key "DataTablesSelector" - in G:\xampp\htdocs\testlink\gui\templates_c\7ab2ac4612be48ca8fac73cf6aeabef82ea8c145_0.file.DataTablesColumnFiltering.inc.tpl.php - Line 51
	[25/Jan/22 21:02:01][WARNING][uifqoanont5h4fkq8ksrndorr7][GUI - Test Project ID : 1]
		E_WARNING
Attempt to read property "value" on null - in G:\xampp\htdocs\testlink\gui\templates_c\7ab2ac4612be48ca8fac73cf6aeabef82ea8c145_0.file.DataTablesColumnFiltering.inc.tpl.php - Line 51
[<<][67915cc83808a209837888][DEFAULT][/testlink/lib/usermanagement/usersAssign.php][25/Jan/22 21:02:00][25/Jan/22 21:02:01][took 0.868706 secs]
[<<][67915ccc09610125141028][DEFAULT][/testlink/lib/usermanagement/userInfo.php][25/Jan/22 21:02:04][25/Jan/22 21:02:04][took 0.045428 secs]
[>>][67915ccc14d81378069921][DEFAULT][/testlink/lib/usermanagement/userInfo.php][25/Jan/22 21:02:04]
[<<][67915ccc14d81378069921][DEFAULT][/testlink/lib/usermanagement/userInfo.php][25/Jan/22 21:02:04][25/Jan/22 21:02:04][took 0.005266 secs]
[>>][67915ccc1670a834124558][DEFAULT][/testlink/lib/usermanagement/userInfo.php][25/Jan/22 21:02:04]
[<<][67915ccc1670a834124558][DEFAULT][/testlink/lib/usermanagement/userInfo.php][25/Jan/22 21:02:04][25/Jan/22 21:02:04][took 0.084588 secs]
[<<][67915de655038352995652][DEFAULT][/testlink/index.php][25/Jan/22 21:06:46][25/Jan/22 21:06:46][took 0.057248 secs]
[>>][67915de6635bb181473570][DEFAULT][/testlink/index.php][25/Jan/22 21:06:46]
[<<][67915de6635bb181473570][DEFAULT][/testlink/index.php][25/Jan/22 21:06:46][25/Jan/22 21:06:46][took 0.009332 secs]
[<<][67915de67ad24613866795][DEFAULT][/testlink/lib/general/navBar.php][25/Jan/22 21:06:46][25/Jan/22 21:06:46][took 0.0674 secs]
[>>][67915de68b9cd043106070][DEFAULT][/testlink/lib/general/navBar.php][25/Jan/22 21:06:46]
[<<][67915de68b9cd043106070][DEFAULT][/testlink/lib/general/navBar.php][25/Jan/22 21:06:46][25/Jan/22 21:06:46][took 0.006741 secs]
[>>][67915de68da7a760550474][DEFAULT][/testlink/lib/general/navBar.php][25/Jan/22 21:06:46]
[<<][67915de68da7a760550474][DEFAULT][/testlink/lib/general/navBar.php][25/Jan/22 21:06:46][25/Jan/22 21:06:46][took 0.034161 secs]
[<<][67915de67d0b7353307776][DEFAULT][/testlink/lib/general/mainPage.php][25/Jan/22 21:06:46][25/Jan/22 21:06:46][took 0.239683 secs]
[>>][67915de6b80bb929793259][DEFAULT][/testlink/lib/general/mainPage.php][25/Jan/22 21:06:46]
[<<][67915de6b80bb929793259][DEFAULT][/testlink/lib/general/mainPage.php][25/Jan/22 21:06:46][25/Jan/22 21:06:46][took 0.008281 secs]
[>>][67915de6ba867052061467][DEFAULT][/testlink/lib/general/mainPage.php][25/Jan/22 21:06:46]
[<<][67915de6ba867052061467][DEFAULT][/testlink/lib/general/mainPage.php][25/Jan/22 21:06:46][25/Jan/22 21:06:46][took 0.071024 secs]
[<<][67915de6c4d95371103719][DEFAULT][/testlink/lib/general/mainPage.php][25/Jan/22 21:06:46][25/Jan/22 21:06:46][took 0.091985 secs]
[>>][67915de6dbe3d307995531][DEFAULT][/testlink/lib/general/mainPage.php][25/Jan/22 21:06:46]
[<<][67915de6dbe3d307995531][DEFAULT][/testlink/lib/general/mainPage.php][25/Jan/22 21:06:46][25/Jan/22 21:06:46][took 0.008458 secs]
[>>][67915de6de6d5011381443][DEFAULT][/testlink/lib/general/mainPage.php][25/Jan/22 21:06:46]
[<<][67915de6de6d5011381443][DEFAULT][/testlink/lib/general/mainPage.php][25/Jan/22 21:06:46][25/Jan/22 21:06:46][took 0.079309 secs]
[<<][67915de939ed7651426157][DEFAULT][/testlink/lib/usermanagement/userInfo.php][25/Jan/22 21:06:49][25/Jan/22 21:06:49][took 0.048131 secs]
[>>][67915de94606a312702057][DEFAULT][/testlink/lib/usermanagement/userInfo.php][25/Jan/22 21:06:49]
[<<][67915de94606a312702057][DEFAULT][/testlink/lib/usermanagement/userInfo.php][25/Jan/22 21:06:49][25/Jan/22 21:06:49][took 0.005316 secs]
[>>][67915de9479aa712325385][DEFAULT][/testlink/lib/usermanagement/userInfo.php][25/Jan/22 21:06:49]
[<<][67915de9479aa712325385][DEFAULT][/testlink/lib/usermanagement/userInfo.php][25/Jan/22 21:06:49][25/Jan/22 21:06:49][took 0.019282 secs]
[<<][67915f1ee3610398691969][DEFAULT][/testlink/index.php][25/Jan/22 21:11:58][25/Jan/22 21:11:58][took 0.053625 secs]
[>>][67915f1ef0dfc246014073][DEFAULT][/testlink/index.php][25/Jan/22 21:11:58]
[<<][67915f1ef0dfc246014073][DEFAULT][/testlink/index.php][25/Jan/22 21:11:58][25/Jan/22 21:11:58][took 0.0065320000000001 secs]
[<<][67915f1f14681407348683][DEFAULT][/testlink/lib/general/navBar.php][25/Jan/22 21:11:59][25/Jan/22 21:11:59][took 0.057369 secs]
[>>][67915f1f22cad785848445][DEFAULT][/testlink/lib/general/navBar.php][25/Jan/22 21:11:59]
[<<][67915f1f22cad785848445][DEFAULT][/testlink/lib/general/navBar.php][25/Jan/22 21:11:59][25/Jan/22 21:11:59][took 0.006948 secs]
[>>][67915f1f24cbc657488189][DEFAULT][/testlink/lib/general/navBar.php][25/Jan/22 21:11:59]
[<<][67915f1f24cbc657488189][DEFAULT][/testlink/lib/general/navBar.php][25/Jan/22 21:11:59][25/Jan/22 21:11:59][took 0.030698 secs]
[<<][67915f1f1651d659650723][DEFAULT][/testlink/lib/general/mainPage.php][25/Jan/22 21:11:59][25/Jan/22 21:11:59][took 0.175209 secs]
[>>][67915f1f418c4522958076][DEFAULT][/testlink/lib/general/mainPage.php][25/Jan/22 21:11:59]
[<<][67915f1f418c4522958076][DEFAULT][/testlink/lib/general/mainPage.php][25/Jan/22 21:11:59][25/Jan/22 21:11:59][took 0.009615 secs]
[>>][67915f1f446aa930065694][DEFAULT][/testlink/lib/general/mainPage.php][25/Jan/22 21:11:59]
[<<][67915f1f446aa930065694][DEFAULT][/testlink/lib/general/mainPage.php][25/Jan/22 21:11:59][25/Jan/22 21:11:59][took 0.087114 secs]
[<<][67915f1f522f4679944245][DEFAULT][/testlink/lib/general/mainPage.php][25/Jan/22 21:11:59][25/Jan/22 21:11:59][took 0.084569 secs]
[>>][67915f1f67387185643823][DEFAULT][/testlink/lib/general/mainPage.php][25/Jan/22 21:11:59]
[<<][67915f1f67387185643823][DEFAULT][/testlink/lib/general/mainPage.php][25/Jan/22 21:11:59][25/Jan/22 21:11:59][took 0.006108 secs]
[>>][67915f1f69134767836048][DEFAULT][/testlink/lib/general/mainPage.php][25/Jan/22 21:11:59]
[<<][67915f1f69134767836048][DEFAULT][/testlink/lib/general/mainPage.php][25/Jan/22 21:11:59][25/Jan/22 21:11:59][took 0.257234 secs]
[<<][67915f243767d861415408][DEFAULT][/testlink/lib/usermanagement/userInfo.php][25/Jan/22 21:12:04][25/Jan/22 21:12:04][took 0.043731 secs]
[>>][67915f2442691711900719][DEFAULT][/testlink/lib/usermanagement/userInfo.php][25/Jan/22 21:12:04]
[<<][67915f2442691711900719][DEFAULT][/testlink/lib/usermanagement/userInfo.php][25/Jan/22 21:12:04][25/Jan/22 21:12:04][took 0.005987 secs]
[>>][67915f244429c700299275][DEFAULT][/testlink/lib/usermanagement/userInfo.php][25/Jan/22 21:12:04]
[<<][67915f244429c700299275][DEFAULT][/testlink/lib/usermanagement/userInfo.php][25/Jan/22 21:12:04][25/Jan/22 21:12:04][took 0.018319 secs]
[<<][67915f5d37481647605953][DEFAULT][/testlink/lib/usermanagement/userInfo.php][25/Jan/22 21:13:01][25/Jan/22 21:13:01][took 0.045463 secs]
[>>][67915f5d42b8c284954622][DEFAULT][/testlink/lib/usermanagement/userInfo.php][25/Jan/22 21:13:01]
[<<][67915f5d42b8c284954622][DEFAULT][/testlink/lib/usermanagement/userInfo.php][25/Jan/22 21:13:01][25/Jan/22 21:13:01][took 0.005445 secs]
[>>][67915f5d4462c255907750][DEFAULT][/testlink/lib/usermanagement/userInfo.php][25/Jan/22 21:13:01]
[<<][67915f5d4462c255907750][DEFAULT][/testlink/lib/usermanagement/userInfo.php][25/Jan/22 21:13:01][25/Jan/22 21:13:01][took 0.019299 secs]
[<<][67915f5e51bfd074664210][DEFAULT][/testlink/lib/usermanagement/userInfo.php][25/Jan/22 21:13:02][25/Jan/22 21:13:02][took 0.043104 secs]
[>>][67915f5e5c9da210990798][DEFAULT][/testlink/lib/usermanagement/userInfo.php][25/Jan/22 21:13:02]
[<<][67915f5e5c9da210990798][DEFAULT][/testlink/lib/usermanagement/userInfo.php][25/Jan/22 21:13:02][25/Jan/22 21:13:02][took 0.0063 secs]
[>>][67915f5e5e7c2894109913][DEFAULT][/testlink/lib/usermanagement/userInfo.php][25/Jan/22 21:13:02]
[<<][67915f5e5e7c2894109913][DEFAULT][/testlink/lib/usermanagement/userInfo.php][25/Jan/22 21:13:02][25/Jan/22 21:13:02][took 0.023375 secs]
[<<][67915f65c67da502647294][DEFAULT][/testlink/lib/usermanagement/userInfo.php][25/Jan/22 21:13:09][25/Jan/22 21:13:09][took 0.042584 secs]
[>>][67915f65d13a9583433551][DEFAULT][/testlink/lib/usermanagement/userInfo.php][25/Jan/22 21:13:09]
[<<][67915f65d13a9583433551][DEFAULT][/testlink/lib/usermanagement/userInfo.php][25/Jan/22 21:13:09][25/Jan/22 21:13:09][took 0.0053960000000001 secs]
[>>][67915f65d2ddb566183253][DEFAULT][/testlink/lib/usermanagement/userInfo.php][25/Jan/22 21:13:09]
[<<][67915f65d2ddb566183253][DEFAULT][/testlink/lib/usermanagement/userInfo.php][25/Jan/22 21:13:09][25/Jan/22 21:13:09][took 0.017636 secs]
[<<][67915f66875cb977480510][DEFAULT][/testlink/lib/usermanagement/userInfo.php][25/Jan/22 21:13:10][25/Jan/22 21:13:10][took 0.046153 secs]
[>>][67915f6692ee2917344431][DEFAULT][/testlink/lib/usermanagement/userInfo.php][25/Jan/22 21:13:10]
[<<][67915f6692ee2917344431][DEFAULT][/testlink/lib/usermanagement/userInfo.php][25/Jan/22 21:13:10][25/Jan/22 21:13:10][took 0.005502 secs]
[>>][67915f66949ac757286724][DEFAULT][/testlink/lib/usermanagement/userInfo.php][25/Jan/22 21:13:10]
[<<][67915f66949ac757286724][DEFAULT][/testlink/lib/usermanagement/userInfo.php][25/Jan/22 21:13:10][25/Jan/22 21:13:10][took 0.017996 secs]
[<<][67915f7637f12402623343][DEFAULT][/testlink/lib/usermanagement/userInfo.php][25/Jan/22 21:13:26][25/Jan/22 21:13:26][took 0.054306 secs]
[>>][67915f76458ed047606618][DEFAULT][/testlink/lib/usermanagement/userInfo.php][25/Jan/22 21:13:26]
[<<][67915f76458ed047606618][DEFAULT][/testlink/lib/usermanagement/userInfo.php][25/Jan/22 21:13:26][25/Jan/22 21:13:26][took 0.007172 secs]
[>>][67915f7647a5a904900116][DEFAULT][/testlink/lib/usermanagement/userInfo.php][25/Jan/22 21:13:26]
[<<][67915f7647a5a904900116][DEFAULT][/testlink/lib/usermanagement/userInfo.php][25/Jan/22 21:13:26][25/Jan/22 21:13:27][took 1.104141 secs]
[<<][67915f7744377047011370][DEFAULT][/testlink/lib/usermanagement/userInfo.php][25/Jan/22 21:13:27][25/Jan/22 21:13:27][took 0.145727 secs]
[>>][67915f77681bf045459447][DEFAULT][/testlink/lib/usermanagement/userInfo.php][25/Jan/22 21:13:27]
[<<][67915f77681bf045459447][DEFAULT][/testlink/lib/usermanagement/userInfo.php][25/Jan/22 21:13:27][25/Jan/22 21:13:27][took 0.005011 secs]
[>>][67915f7769a1a758145868][DEFAULT][/testlink/lib/usermanagement/userInfo.php][25/Jan/22 21:13:27]
[<<][67915f7769a1a758145868][DEFAULT][/testlink/lib/usermanagement/userInfo.php][25/Jan/22 21:13:27][25/Jan/22 21:13:27][took 0.179591 secs]
[<<][67915f77ca8e8869141779][DEFAULT][/testlink/lib/usermanagement/userInfo.php][25/Jan/22 21:13:27][25/Jan/22 21:13:27][took 0.051476 secs]
[>>][67915f77d7736340263510][DEFAULT][/testlink/lib/usermanagement/userInfo.php][25/Jan/22 21:13:27]
[<<][67915f77d7736340263510][DEFAULT][/testlink/lib/usermanagement/userInfo.php][25/Jan/22 21:13:27][25/Jan/22 21:13:27][took 0.005294 secs]
[>>][67915f77d90ca020069332][DEFAULT][/testlink/lib/usermanagement/userInfo.php][25/Jan/22 21:13:27]
[<<][67915f77d90ca020069332][DEFAULT][/testlink/lib/usermanagement/userInfo.php][25/Jan/22 21:13:27][25/Jan/22 21:13:28][took 0.19667 secs]
[<<][67915f7808eb1405071014][DEFAULT][/testlink/lib/usermanagement/userInfo.php][25/Jan/22 21:13:28][25/Jan/22 21:13:28][took 0.082159 secs]
[>>][67915f781d56b177243950][DEFAULT][/testlink/lib/usermanagement/userInfo.php][25/Jan/22 21:13:28]
[<<][67915f781d56b177243950][DEFAULT][/testlink/lib/usermanagement/userInfo.php][25/Jan/22 21:13:28][25/Jan/22 21:13:28][took 0.004824 secs]
[>>][67915f781ed02249586147][DEFAULT][/testlink/lib/usermanagement/userInfo.php][25/Jan/22 21:13:28]
[<<][67915f781ed02249586147][DEFAULT][/testlink/lib/usermanagement/userInfo.php][25/Jan/22 21:13:28][25/Jan/22 21:13:28][took 0.171067 secs]
[<<][67915f80379c7986695333][DEFAULT][/testlink/lib/usermanagement/userInfo.php][25/Jan/22 21:13:36][25/Jan/22 21:13:36][took 0.045238 secs]
[>>][67915f8043070116589358][DEFAULT][/testlink/lib/usermanagement/userInfo.php][25/Jan/22 21:13:36]
[<<][67915f8043070116589358][DEFAULT][/testlink/lib/usermanagement/userInfo.php][25/Jan/22 21:13:36][25/Jan/22 21:13:36][took 0.005065 secs]
[>>][67915f8044898493008202][DEFAULT][/testlink/lib/usermanagement/userInfo.php][25/Jan/22 21:13:36]
[<<][67915f8044898493008202][DEFAULT][/testlink/lib/usermanagement/userInfo.php][25/Jan/22 21:13:36][25/Jan/22 21:13:36][took 0.019574 secs]
[>>][67915f80499fd838901104][DEFAULT][/testlink/lib/usermanagement/userInfo.php][25/Jan/22 21:13:36]
[<<][67915f80499fd838901104][DEFAULT][/testlink/lib/usermanagement/userInfo.php][25/Jan/22 21:13:36][25/Jan/22 21:13:36][took 0.305266 secs]
